<!DOCTYPE html>
<html>
  <head>
    <meta charset="utf-8"/>
    <title id="head-title">report.html</title>
      <link href="assets/style.css" rel="stylesheet" type="text/css"/>
  </head>
  <body>
    <h1 id="title">report.html</h1>
    <p>Report generated on 09-Dec-2024 at 11:48:40 by <a href="https://pypi.python.org/pypi/pytest-html">pytest-html</a>
        v4.1.1</p>
    <div id="environment-header">
      <h2>Environment</h2>
    </div>
    <table id="environment"></table>
    <!-- TEMPLATES -->
      <template id="template_environment_row">
      <tr>
        <td></td>
        <td></td>
      </tr>
    </template>
    <template id="template_results-table__body--empty">
      <tbody class="results-table-row">
        <tr id="not-found-message">
          <td colspan="4">No results found. Check the filters.</th>
        </tr>
    </template>
    <template id="template_results-table__tbody">
      <tbody class="results-table-row">
        <tr class="collapsible">
        </tr>
        <tr class="extras-row">
          <td class="extra" colspan="4">
            <div class="extraHTML"></div>
            <div class="media">
              <div class="media-container">
                  <div class="media-container__nav--left"><</div>
                  <div class="media-container__viewport">
                    <img src="" />
                    <video controls>
                      <source src="" type="video/mp4">
                    </video>
                  </div>
                  <div class="media-container__nav--right">></div>
                </div>
                <div class="media__name"></div>
                <div class="media__counter"></div>
            </div>
            <div class="logwrapper">
              <div class="logexpander"></div>
              <div class="log"></div>
            </div>
          </td>
        </tr>
      </tbody>
    </template>
    <!-- END TEMPLATES -->
    <div class="summary">
      <div class="summary__data">
        <h2>Summary</h2>
        <div class="additional-summary prefix">
        </div>
        <p class="run-count">39 tests took 00:09:33.</p>
        <p class="filter">(Un)check the boxes to filter the results.</p>
        <div class="summary__reload">
          <div class="summary__reload__button hidden" onclick="location.reload()">
            <div>There are still tests running. <br />Reload this page to get the latest results!</div>
          </div>
        </div>
        <div class="summary__spacer"></div>
        <div class="controls">
          <div class="filters">
            <input checked="true" class="filter" name="filter_checkbox" type="checkbox" data-test-result="failed" />
            <span class="failed">5 Failed,</span>
            <input checked="true" class="filter" name="filter_checkbox" type="checkbox" data-test-result="passed" />
            <span class="passed">34 Passed,</span>
            <input checked="true" class="filter" name="filter_checkbox" type="checkbox" data-test-result="skipped" disabled/>
            <span class="skipped">0 Skipped,</span>
            <input checked="true" class="filter" name="filter_checkbox" type="checkbox" data-test-result="xfailed" disabled/>
            <span class="xfailed">0 Expected failures,</span>
            <input checked="true" class="filter" name="filter_checkbox" type="checkbox" data-test-result="xpassed" disabled/>
            <span class="xpassed">0 Unexpected passes,</span>
            <input checked="true" class="filter" name="filter_checkbox" type="checkbox" data-test-result="error" disabled/>
            <span class="error">0 Errors,</span>
            <input checked="true" class="filter" name="filter_checkbox" type="checkbox" data-test-result="rerun" disabled/>
            <span class="rerun">0 Reruns</span>
          </div>
          <div class="collapse">
            <button id="show_all_details">Show all details</button>&nbsp;/&nbsp;<button id="hide_all_details">Hide all details</button>
          </div>
        </div>
      </div>
      <div class="additional-summary summary">
      </div>
      <div class="additional-summary postfix">
      </div>
    </div>
    <table id="results-table">
      <thead id="results-table-head">
        <tr>
          <th class="sortable" data-column-type="result">Result</th>
          <th class="sortable" data-column-type="testId">Test</th>
          <th class="sortable" data-column-type="duration">Duration</th>
          <th>Links</th>
        </tr>
      </thead>
    </table>
  </body>
  <footer>
    <div id="data-container" data-jsonblob="{&#34;environment&#34;: {&#34;Python&#34;: &#34;3.12.5&#34;, &#34;Platform&#34;: &#34;macOS-15.1.1-arm64-arm-64bit&#34;, &#34;Packages&#34;: {&#34;pytest&#34;: &#34;8.3.4&#34;, &#34;pluggy&#34;: &#34;1.5.0&#34;}, &#34;Plugins&#34;: {&#34;html&#34;: &#34;4.1.1&#34;, &#34;metadata&#34;: &#34;3.1.1&#34;}, &#34;JAVA_HOME&#34;: &#34;/Users/lahieuphong/Documents/anaconda3&#34;}, &#34;tests&#34;: {&#34;tests/test_add_to_cart.py::test_add_single_product_to_cart&#34;: [{&#34;extras&#34;: [], &#34;result&#34;: &#34;Passed&#34;, &#34;testId&#34;: &#34;tests/test_add_to_cart.py::test_add_single_product_to_cart&#34;, &#34;duration&#34;: &#34;00:00:14&#34;, &#34;resultsTableRow&#34;: [&#34;&lt;td class=\&#34;col-result\&#34;&gt;Passed&lt;/td&gt;&#34;, &#34;&lt;td class=\&#34;col-testId\&#34;&gt;tests/test_add_to_cart.py::test_add_single_product_to_cart&lt;/td&gt;&#34;, &#34;&lt;td class=\&#34;col-duration\&#34;&gt;00:00:14&lt;/td&gt;&#34;, &#34;&lt;td class=\&#34;col-links\&#34;&gt;&lt;/td&gt;&#34;], &#34;log&#34;: &#34;----------------------------- Captured stdout call -----------------------------\n\nPRODUCT PAGE: \nTotal Price for 7 MacBook(s): $4,214.00 - (MANUAL)\n----------------------------------------\nSHOPPING CART PAGE: \nSub-Total: $3,500.00\nEco Tax (-2.00): $14.00\nVAT (20%): $700.00\nTotal: $4,214.00\n--------------------------------------------------\nTotal Price from Product (id 43): $4,214.00\nTotal Price from Shopping Cart: $4,214.00\n\n ==&amp;gt; Total price comparison passed!\n&#34;}], &#34;tests/test_add_to_cart.py::test_add_multi_product_to_cart&#34;: [{&#34;extras&#34;: [], &#34;result&#34;: &#34;Passed&#34;, &#34;testId&#34;: &#34;tests/test_add_to_cart.py::test_add_multi_product_to_cart&#34;, &#34;duration&#34;: &#34;00:00:13&#34;, &#34;resultsTableRow&#34;: [&#34;&lt;td class=\&#34;col-result\&#34;&gt;Passed&lt;/td&gt;&#34;, &#34;&lt;td class=\&#34;col-testId\&#34;&gt;tests/test_add_to_cart.py::test_add_multi_product_to_cart&lt;/td&gt;&#34;, &#34;&lt;td class=\&#34;col-duration\&#34;&gt;00:00:13&lt;/td&gt;&#34;, &#34;&lt;td class=\&#34;col-links\&#34;&gt;&lt;/td&gt;&#34;], &#34;log&#34;: &#34;----------------------------- Captured stdout call -----------------------------\n\nPRODUCTS PAGE:\nProduct: MacBook\nPrice/MacBook: $602.00\nQty: 5\n----------------------------------------\nProduct: iPhone\nPrice/iPhone: $123.20\nQty: 5\n----------------------------------------\nProduct: HTC Touch HD\nPrice/HTC Touch HD: $122.00\nQty: 5\n----------------------------------------\nTotal Price for all products (MANUAL): $4,236.00\nTotal from Checkout (WEB CHECKOUT): $4,236.00\n\n ==&amp;gt; The total price matches between the cart and the checkout!\n&#34;}], &#34;tests/test_add_to_cart.py::test_add_product_to_cart_with_invalid_qty&#34;: [{&#34;extras&#34;: [], &#34;result&#34;: &#34;Failed&#34;, &#34;testId&#34;: &#34;tests/test_add_to_cart.py::test_add_product_to_cart_with_invalid_qty&#34;, &#34;duration&#34;: &#34;00:00:11&#34;, &#34;resultsTableRow&#34;: [&#34;&lt;td class=\&#34;col-result\&#34;&gt;Failed&lt;/td&gt;&#34;, &#34;&lt;td class=\&#34;col-testId\&#34;&gt;tests/test_add_to_cart.py::test_add_product_to_cart_with_invalid_qty&lt;/td&gt;&#34;, &#34;&lt;td class=\&#34;col-duration\&#34;&gt;00:00:11&lt;/td&gt;&#34;, &#34;&lt;td class=\&#34;col-links\&#34;&gt;&lt;/td&gt;&#34;], &#34;log&#34;: &#34;chrome_driver = &amp;lt;selenium.webdriver.chrome.webdriver.WebDriver (session=&amp;quot;e80d00b48e64f2ea06216d7034d3e5f0&amp;quot;)&amp;gt;\n\n    def test_add_product_to_cart_with_invalid_qty(chrome_driver):\n        # Product details for testing\n        product = {\n            &amp;quot;url&amp;quot;: navigate_to_product_macbook(chrome_driver),\n            &amp;quot;name&amp;quot;: &amp;quot;MacBook&amp;quot;,\n        }\n    \n        # Access the product page\n        chrome_driver.get(product[&amp;quot;url&amp;quot;])\n        WebDriverWait(chrome_driver, 10).until(\n            EC.presence_of_element_located((By.ID, &amp;quot;input-quantity&amp;quot;))\n        )\n    \n        # Trying to send invalid quantity (non-numeric input like &amp;quot;abc&amp;quot;)\n        quantity_field = chrome_driver.find_element(By.ID, &amp;quot;input-quantity&amp;quot;)\n        quantity_field.clear()  # Clear the field before entering new quantity\n        quantity_field.send_keys(&amp;quot;abc&amp;quot;)  # Sending non-numeric value &amp;quot;abc&amp;quot;\n        time.sleep(2)\n        print(f&amp;quot;Entered invalid quantity: &amp;#x27;abc&amp;#x27; for {product[&amp;#x27;name&amp;#x27;]}&amp;quot;)\n    \n        # Simulate the &amp;quot;Add to Cart&amp;quot; button click after entering invalid quantity\n        add_to_cart_button = chrome_driver.find_element(By.ID, &amp;quot;button-cart&amp;quot;)\n        add_to_cart_button.click()  # Clicking the &amp;quot;Add to Cart&amp;quot; button\n    \n        time.sleep(5)\n    \n        # Wait for the message to appear and get it\n        message_element = WebDriverWait(chrome_driver, 10).until(\n            EC.visibility_of_element_located((By.CSS_SELECTOR, &amp;quot;.alert&amp;quot;))\n        )\n    \n        # Get the actual message text\n        actual_message = message_element.text\n    \n        # Define the expected error message\n        expected_message = &amp;quot;Error: You must enter a valid quantity&amp;quot;\n    \n        # Assert that the message is the expected error message\n&amp;gt;       assert actual_message == expected_message, \\\n            f&amp;quot;Test failed! Expected message: &amp;#x27;{expected_message}&amp;#x27;, but got: &amp;#x27;{actual_message}&amp;#x27;&amp;quot;\nE       AssertionError: Test failed! Expected message: &amp;#x27;Error: You must enter a valid quantity&amp;#x27;, but got: &amp;#x27;Success: You have added MacBook to your shopping cart!&amp;#x27;\nE       assert &amp;#x27;Success: You...hopping cart!&amp;#x27; == &amp;#x27;Error: You m...alid quantity&amp;#x27;\nE         \nE         - Error: You must enter a valid quantity\nE         + Success: You have added MacBook to your shopping cart!\n\ntests/test_add_to_cart.py:113: AssertionError\n\n----------------------------- Captured stdout call -----------------------------\nEntered invalid quantity: &amp;#x27;abc&amp;#x27; for MacBook\n&#34;}], &#34;tests/test_add_to_cart.py::test_add_to_cart_with_empty_qty&#34;: [{&#34;extras&#34;: [], &#34;result&#34;: &#34;Failed&#34;, &#34;testId&#34;: &#34;tests/test_add_to_cart.py::test_add_to_cart_with_empty_qty&#34;, &#34;duration&#34;: &#34;00:00:08&#34;, &#34;resultsTableRow&#34;: [&#34;&lt;td class=\&#34;col-result\&#34;&gt;Failed&lt;/td&gt;&#34;, &#34;&lt;td class=\&#34;col-testId\&#34;&gt;tests/test_add_to_cart.py::test_add_to_cart_with_empty_qty&lt;/td&gt;&#34;, &#34;&lt;td class=\&#34;col-duration\&#34;&gt;00:00:08&lt;/td&gt;&#34;, &#34;&lt;td class=\&#34;col-links\&#34;&gt;&lt;/td&gt;&#34;], &#34;log&#34;: &#34;chrome_driver = &amp;lt;selenium.webdriver.chrome.webdriver.WebDriver (session=&amp;quot;abbec415bef4e703fca009d07f643895&amp;quot;)&amp;gt;\n\n    def test_add_to_cart_with_empty_qty(chrome_driver):\n        # Product details for testing\n        product = {\n            &amp;quot;url&amp;quot;: navigate_to_product_macbook(chrome_driver),\n            &amp;quot;name&amp;quot;: &amp;quot;MacBook&amp;quot;,\n        }\n    \n        # Access the product page\n        chrome_driver.get(product[&amp;quot;url&amp;quot;])\n        WebDriverWait(chrome_driver, 10).until(\n            EC.presence_of_element_located((By.ID, &amp;quot;input-quantity&amp;quot;))\n        )\n    \n        # Clear the quantity field (empty it)\n        quantity_field = chrome_driver.find_element(By.ID, &amp;quot;input-quantity&amp;quot;)\n        quantity_field.clear()  # Clear the quantity field (making it empty)\n        print(f&amp;quot;Cleared the quantity field for {product[&amp;#x27;name&amp;#x27;]}&amp;quot;)\n    \n        # Simulate the &amp;quot;Add to Cart&amp;quot; button click after leaving the quantity empty\n        add_to_cart_button = chrome_driver.find_element(By.ID, &amp;quot;button-cart&amp;quot;)\n        add_to_cart_button.click()  # Clicking the &amp;quot;Add to Cart&amp;quot; button\n    \n        time.sleep(5)\n    \n        # Wait for the message to appear and get it\n        message_element = WebDriverWait(chrome_driver, 10).until(\n            EC.visibility_of_element_located((By.CSS_SELECTOR, &amp;quot;.alert&amp;quot;))\n        )\n    \n        # Get the actual message text\n        actual_message = message_element.text\n    \n        # Define the expected error message\n        expected_message = &amp;quot;Error: You must enter a quantity&amp;quot;\n    \n        # Assert that the message is the expected error message\n&amp;gt;       assert actual_message == expected_message, \\\n            f&amp;quot;Test failed! Expected message: &amp;#x27;{expected_message}&amp;#x27;, but got: &amp;#x27;{actual_message}&amp;#x27;&amp;quot;\nE       AssertionError: Test failed! Expected message: &amp;#x27;Error: You must enter a quantity&amp;#x27;, but got: &amp;#x27;Success: You have added MacBook to your shopping cart!&amp;#x27;\nE       assert &amp;#x27;Success: You...hopping cart!&amp;#x27; == &amp;#x27;Error: You m...er a quantity&amp;#x27;\nE         \nE         - Error: You must enter a quantity\nE         + Success: You have added MacBook to your shopping cart!\n\ntests/test_add_to_cart.py:153: AssertionError\n\n----------------------------- Captured stdout call -----------------------------\nCleared the quantity field for MacBook\n&#34;}], &#34;tests/test_add_to_cart.py::test_add_to_cart_with_zero_qty&#34;: [{&#34;extras&#34;: [], &#34;result&#34;: &#34;Failed&#34;, &#34;testId&#34;: &#34;tests/test_add_to_cart.py::test_add_to_cart_with_zero_qty&#34;, &#34;duration&#34;: &#34;00:00:08&#34;, &#34;resultsTableRow&#34;: [&#34;&lt;td class=\&#34;col-result\&#34;&gt;Failed&lt;/td&gt;&#34;, &#34;&lt;td class=\&#34;col-testId\&#34;&gt;tests/test_add_to_cart.py::test_add_to_cart_with_zero_qty&lt;/td&gt;&#34;, &#34;&lt;td class=\&#34;col-duration\&#34;&gt;00:00:08&lt;/td&gt;&#34;, &#34;&lt;td class=\&#34;col-links\&#34;&gt;&lt;/td&gt;&#34;], &#34;log&#34;: &#34;chrome_driver = &amp;lt;selenium.webdriver.chrome.webdriver.WebDriver (session=&amp;quot;8c4403ec5d970d48839b63e8f38325ec&amp;quot;)&amp;gt;\n\n    def test_add_to_cart_with_zero_qty(chrome_driver):\n        # Product details for testing\n        product = {\n            &amp;quot;url&amp;quot;: navigate_to_product_macbook(chrome_driver),\n            &amp;quot;name&amp;quot;: &amp;quot;MacBook&amp;quot;,\n        }\n    \n        # Access the product page\n        chrome_driver.get(product[&amp;quot;url&amp;quot;])\n        WebDriverWait(chrome_driver, 10).until(\n            EC.presence_of_element_located((By.ID, &amp;quot;input-quantity&amp;quot;))\n        )\n    \n        # Trying to send invalid quantity (non-numeric input like &amp;quot;abc&amp;quot;)\n        quantity_field = chrome_driver.find_element(By.ID, &amp;quot;input-quantity&amp;quot;)\n        quantity_field.clear()  # Clear the field before entering new quantity\n        quantity_field.send_keys(0)  # Sending non-numeric value &amp;quot;abc&amp;quot;\n        print(f&amp;quot;Entered invalid quantity: &amp;#x27;0&amp;#x27; for {product[&amp;#x27;name&amp;#x27;]}&amp;quot;)\n    \n        # Simulate the &amp;quot;Add to Cart&amp;quot; button click after entering invalid quantity\n        add_to_cart_button = chrome_driver.find_element(By.ID, &amp;quot;button-cart&amp;quot;)\n        add_to_cart_button.click()  # Clicking the &amp;quot;Add to Cart&amp;quot; button\n    \n        time.sleep(5)\n    \n        # Wait for the message to appear and get it\n        message_element = WebDriverWait(chrome_driver, 10).until(\n            EC.visibility_of_element_located((By.CSS_SELECTOR, &amp;quot;.alert&amp;quot;))\n        )\n    \n        # Get the actual message text\n        actual_message = message_element.text\n    \n        # Define the expected error message\n        expected_message = &amp;quot;Error: You must enter a valid quantity&amp;quot;\n    \n        # Assert that the message is the expected error message\n&amp;gt;       assert actual_message == expected_message, \\\n            f&amp;quot;Test failed! Expected message: &amp;#x27;{expected_message}&amp;#x27;, but got: &amp;#x27;{actual_message}&amp;#x27;&amp;quot;\nE       AssertionError: Test failed! Expected message: &amp;#x27;Error: You must enter a valid quantity&amp;#x27;, but got: &amp;#x27;Success: You have added MacBook to your shopping cart!&amp;#x27;\nE       assert &amp;#x27;Success: You...hopping cart!&amp;#x27; == &amp;#x27;Error: You m...alid quantity&amp;#x27;\nE         \nE         - Error: You must enter a valid quantity\nE         + Success: You have added MacBook to your shopping cart!\n\ntests/test_add_to_cart.py:194: AssertionError\n\n----------------------------- Captured stdout call -----------------------------\nEntered invalid quantity: &amp;#x27;0&amp;#x27; for MacBook\n&#34;}], &#34;tests/test_all_links_status_report.py::test_all_links&#34;: [{&#34;extras&#34;: [], &#34;result&#34;: &#34;Passed&#34;, &#34;testId&#34;: &#34;tests/test_all_links_status_report.py::test_all_links&#34;, &#34;duration&#34;: &#34;00:00:11&#34;, &#34;resultsTableRow&#34;: [&#34;&lt;td class=\&#34;col-result\&#34;&gt;Passed&lt;/td&gt;&#34;, &#34;&lt;td class=\&#34;col-testId\&#34;&gt;tests/test_all_links_status_report.py::test_all_links&lt;/td&gt;&#34;, &#34;&lt;td class=\&#34;col-duration\&#34;&gt;00:00:11&lt;/td&gt;&#34;, &#34;&lt;td class=\&#34;col-links\&#34;&gt;&lt;/td&gt;&#34;], &#34;log&#34;: &#34;----------------------------- Captured stdout call -----------------------------\n\nLink Status Report:\nhttp://localhost/demo/# --&amp;gt; OK\nhttp://localhost/demo/EUR --&amp;gt; Skipped (404 Not Found)\nhttp://localhost/demo/GBP --&amp;gt; Skipped (404 Not Found)\nhttp://localhost/demo/USD --&amp;gt; Skipped (404 Not Found)\nhttp://localhost/demo/index.php?route=information/contact&amp;amp;language=en-gb --&amp;gt; OK\nNo href --&amp;gt; Invalid link\nhttp://localhost/demo/index.php?route=account/register&amp;amp;language=en-gb --&amp;gt; OK\nhttp://localhost/demo/index.php?route=account/login&amp;amp;language=en-gb --&amp;gt; OK\nhttp://localhost/demo/index.php?route=account/wishlist&amp;amp;language=en-gb --&amp;gt; OK\nhttp://localhost/demo/index.php?route=checkout/cart&amp;amp;language=en-gb --&amp;gt; OK\nhttp://localhost/demo/index.php?route=checkout/checkout&amp;amp;language=en-gb --&amp;gt; OK\nhttp://localhost/demo/index.php?route=common/home&amp;amp;language=en-gb --&amp;gt; OK\nhttp://localhost/demo/index.php?route=product/category&amp;amp;language=en-gb&amp;amp;path=20 --&amp;gt; OK\nhttp://localhost/demo/index.php?route=product/category&amp;amp;language=en-gb&amp;amp;path=20_26 --&amp;gt; OK\nhttp://localhost/demo/index.php?route=product/category&amp;amp;language=en-gb&amp;amp;path=20_27 --&amp;gt; OK\nhttp://localhost/demo/index.php?route=product/category&amp;amp;language=en-gb&amp;amp;path=20 --&amp;gt; OK\nhttp://localhost/demo/index.php?route=product/category&amp;amp;language=en-gb&amp;amp;path=18 --&amp;gt; OK\nhttp://localhost/demo/index.php?route=product/category&amp;amp;language=en-gb&amp;amp;path=18_46 --&amp;gt; OK\nhttp://localhost/demo/index.php?route=product/category&amp;amp;language=en-gb&amp;amp;path=18_45 --&amp;gt; OK\nhttp://localhost/demo/index.php?route=product/category&amp;amp;language=en-gb&amp;amp;path=18 --&amp;gt; OK\nhttp://localhost/demo/index.php?route=product/category&amp;amp;language=en-gb&amp;amp;path=25 --&amp;gt; OK\nhttp://localhost/demo/index.php?route=product/category&amp;amp;language=en-gb&amp;amp;path=25_29 --&amp;gt; OK\nhttp://localhost/demo/index.php?route=product/category&amp;amp;language=en-gb&amp;amp;path=25_28 --&amp;gt; OK\nhttp://localhost/demo/index.php?route=product/category&amp;amp;language=en-gb&amp;amp;path=25_30 --&amp;gt; OK\nhttp://localhost/demo/index.php?route=product/category&amp;amp;language=en-gb&amp;amp;path=25_31 --&amp;gt; OK\nhttp://localhost/demo/index.php?route=product/category&amp;amp;language=en-gb&amp;amp;path=25_32 --&amp;gt; OK\nhttp://localhost/demo/index.php?route=product/category&amp;amp;language=en-gb&amp;amp;path=25 --&amp;gt; OK\nhttp://localhost/demo/index.php?route=product/category&amp;amp;language=en-gb&amp;amp;path=57 --&amp;gt; OK\nhttp://localhost/demo/index.php?route=product/category&amp;amp;language=en-gb&amp;amp;path=17 --&amp;gt; OK\nhttp://localhost/demo/index.php?route=product/category&amp;amp;language=en-gb&amp;amp;path=24 --&amp;gt; OK\nhttp://localhost/demo/index.php?route=product/category&amp;amp;language=en-gb&amp;amp;path=33 --&amp;gt; OK\nhttp://localhost/demo/index.php?route=product/category&amp;amp;language=en-gb&amp;amp;path=34 --&amp;gt; OK\nhttp://localhost/demo/index.php?route=product/category&amp;amp;language=en-gb&amp;amp;path=34_43 --&amp;gt; OK\nhttp://localhost/demo/index.php?route=product/category&amp;amp;language=en-gb&amp;amp;path=34_44 --&amp;gt; OK\nhttp://localhost/demo/index.php?route=product/category&amp;amp;language=en-gb&amp;amp;path=34_47 --&amp;gt; OK\nhttp://localhost/demo/index.php?route=product/category&amp;amp;language=en-gb&amp;amp;path=34_48 --&amp;gt; OK\nhttp://localhost/demo/index.php?route=product/category&amp;amp;language=en-gb&amp;amp;path=34_49 --&amp;gt; OK\nhttp://localhost/demo/index.php?route=product/category&amp;amp;language=en-gb&amp;amp;path=34_50 --&amp;gt; OK\nhttp://localhost/demo/index.php?route=product/category&amp;amp;language=en-gb&amp;amp;path=34_51 --&amp;gt; OK\nhttp://localhost/demo/index.php?route=product/category&amp;amp;language=en-gb&amp;amp;path=34_52 --&amp;gt; OK\nhttp://localhost/demo/index.php?route=product/category&amp;amp;language=en-gb&amp;amp;path=34_53 --&amp;gt; OK\nhttp://localhost/demo/index.php?route=product/category&amp;amp;language=en-gb&amp;amp;path=34_54 --&amp;gt; OK\nhttp://localhost/demo/index.php?route=product/category&amp;amp;language=en-gb&amp;amp;path=34_55 --&amp;gt; OK\nhttp://localhost/demo/index.php?route=product/category&amp;amp;language=en-gb&amp;amp;path=34_56 --&amp;gt; OK\nhttp://localhost/demo/index.php?route=product/category&amp;amp;language=en-gb&amp;amp;path=34_38 --&amp;gt; OK\nhttp://localhost/demo/index.php?route=product/category&amp;amp;language=en-gb&amp;amp;path=34_37 --&amp;gt; OK\nhttp://localhost/demo/index.php?route=product/category&amp;amp;language=en-gb&amp;amp;path=34_39 --&amp;gt; OK\nhttp://localhost/demo/index.php?route=product/category&amp;amp;language=en-gb&amp;amp;path=34_40 --&amp;gt; OK\nhttp://localhost/demo/index.php?route=product/category&amp;amp;language=en-gb&amp;amp;path=34_41 --&amp;gt; OK\nhttp://localhost/demo/index.php?route=product/category&amp;amp;language=en-gb&amp;amp;path=34_42 --&amp;gt; OK\nhttp://localhost/demo/index.php?route=product/category&amp;amp;language=en-gb&amp;amp;path=34 --&amp;gt; OK\nhttp://localhost/demo/index.php?route=product/product&amp;amp;path=57&amp;amp;product_id=49 --&amp;gt; OK\nhttp://localhost/demo/index.php?route=product/product&amp;amp;language=en-gb&amp;amp;product_id=43 --&amp;gt; OK\nhttp://localhost/demo/index.php?route=product/product&amp;amp;language=en-gb&amp;amp;product_id=43 --&amp;gt; OK\nhttp://localhost/demo/index.php?route=product/product&amp;amp;language=en-gb&amp;amp;product_id=40 --&amp;gt; OK\nhttp://localhost/demo/index.php?route=product/product&amp;amp;language=en-gb&amp;amp;product_id=40 --&amp;gt; OK\nhttp://localhost/demo/index.php?route=product/product&amp;amp;language=en-gb&amp;amp;product_id=42 --&amp;gt; OK\nhttp://localhost/demo/index.php?route=product/product&amp;amp;language=en-gb&amp;amp;product_id=42 --&amp;gt; OK\nhttp://localhost/demo/index.php?route=product/product&amp;amp;language=en-gb&amp;amp;product_id=30 --&amp;gt; OK\nhttp://localhost/demo/index.php?route=product/product&amp;amp;language=en-gb&amp;amp;product_id=30 --&amp;gt; OK\nhttp://localhost/demo/index.php?route=information/information&amp;amp;language=en-gb&amp;amp;information_id=2 --&amp;gt; OK\nhttp://localhost/demo/index.php?route=information/information&amp;amp;language=en-gb&amp;amp;information_id=4 --&amp;gt; OK\nhttp://localhost/demo/index.php?route=information/information&amp;amp;language=en-gb&amp;amp;information_id=1 --&amp;gt; OK\nhttp://localhost/demo/index.php?route=information/information&amp;amp;language=en-gb&amp;amp;information_id=3 --&amp;gt; OK\nhttp://localhost/demo/index.php?route=information/contact&amp;amp;language=en-gb --&amp;gt; OK\nhttp://localhost/demo/index.php?route=account/returns.add&amp;amp;language=en-gb --&amp;gt; OK\nhttp://localhost/demo/index.php?route=information/sitemap&amp;amp;language=en-gb --&amp;gt; OK\nhttp://localhost/demo/index.php?route=product/manufacturer&amp;amp;language=en-gb --&amp;gt; OK\nhttp://localhost/demo/index.php?route=checkout/voucher&amp;amp;language=en-gb --&amp;gt; OK\nhttp://localhost/demo/index.php?route=account/affiliate&amp;amp;language=en-gb --&amp;gt; OK\nhttp://localhost/demo/index.php?route=product/special&amp;amp;language=en-gb --&amp;gt; OK\nhttp://localhost/demo/index.php?route=account/account&amp;amp;language=en-gb --&amp;gt; OK\nhttp://localhost/demo/index.php?route=account/order&amp;amp;language=en-gb --&amp;gt; OK\nhttp://localhost/demo/index.php?route=account/wishlist&amp;amp;language=en-gb --&amp;gt; OK\nhttp://localhost/demo/index.php?route=account/newsletter&amp;amp;language=en-gb --&amp;gt; OK\nhttps://www.opencart.com/ --&amp;gt; Skipped (403 Forbidden)\n&#34;}], &#34;tests/test_checkout_process.py::test_checkout_and_admin_dashboard_validation&#34;: [{&#34;extras&#34;: [], &#34;result&#34;: &#34;Passed&#34;, &#34;testId&#34;: &#34;tests/test_checkout_process.py::test_checkout_and_admin_dashboard_validation&#34;, &#34;duration&#34;: &#34;00:00:54&#34;, &#34;resultsTableRow&#34;: [&#34;&lt;td class=\&#34;col-result\&#34;&gt;Passed&lt;/td&gt;&#34;, &#34;&lt;td class=\&#34;col-testId\&#34;&gt;tests/test_checkout_process.py::test_checkout_and_admin_dashboard_validation&lt;/td&gt;&#34;, &#34;&lt;td class=\&#34;col-duration\&#34;&gt;00:00:54&lt;/td&gt;&#34;, &#34;&lt;td class=\&#34;col-links\&#34;&gt;&lt;/td&gt;&#34;], &#34;log&#34;: &#34;----------------------------- Captured stdout call -----------------------------\n\nNavigated to login page.\nEntered email.\nEntered password.\nClicked login button.\nNo error alert found; login should be successful.\nCurrent URL after login: http://localhost/demo/index.php?route=account/account&amp;amp;language=en-gb&amp;amp;customer_token=3b6529debdc830dda2299340a7\nSuccessfully redirected to account page with a valid customer token.\nClicked on the logo to go back to the home page.\nReturned to the home page successfully.\nAccessed product page: http://localhost/demo/index.php?route=product/product&amp;amp;language=en-gb&amp;amp;product_id=43\nSelected quantity: 2 for MacBook\nClicked &amp;#x27;Add to Cart&amp;#x27; button for MacBook\nSuccess message verified for MacBook: Success: You have added MacBook to your shopping cart!\nAccessed product page: http://localhost/demo/index.php?route=product/product&amp;amp;language=en-gb&amp;amp;product_id=40\nSelected quantity: 10 for iPhone\nClicked &amp;#x27;Add to Cart&amp;#x27; button for iPhone\nSuccess message verified for iPhone: Success: You have added iPhone to your shopping cart!\n----------------------------------------\nCHECKOUT PAGE\nProduct: 10x iPhone | Total: $1,010.00\nProduct: 2x MacBook\n- Reward Points: 1200 | Total: $1,000.00\n\nOrder Summary:\nSub-Total: $2,010.00\nFlat Shipping Rate: $5.00\nTotal: $2,015.00\n----------------------------------------\n----------------------------------------\nDASHBOARD PAGE\nOrder ID: 80\nCustomer: La Hi\u1ec3u Phong\nStatus: Pending\nDate Added: 09/12/2024\nTotal: $2,015.00\n----------------------------------------\nComparing checkout total ($2,015.00) with admin total ($2,015.00):\nThe totals match!\n&#34;}], &#34;tests/test_checkout_process.py::test_product_addition_and_checkout_without_login&#34;: [{&#34;extras&#34;: [], &#34;result&#34;: &#34;Passed&#34;, &#34;testId&#34;: &#34;tests/test_checkout_process.py::test_product_addition_and_checkout_without_login&#34;, &#34;duration&#34;: &#34;00:00:19&#34;, &#34;resultsTableRow&#34;: [&#34;&lt;td class=\&#34;col-result\&#34;&gt;Passed&lt;/td&gt;&#34;, &#34;&lt;td class=\&#34;col-testId\&#34;&gt;tests/test_checkout_process.py::test_product_addition_and_checkout_without_login&lt;/td&gt;&#34;, &#34;&lt;td class=\&#34;col-duration\&#34;&gt;00:00:19&lt;/td&gt;&#34;, &#34;&lt;td class=\&#34;col-links\&#34;&gt;&lt;/td&gt;&#34;], &#34;log&#34;: &#34;----------------------------- Captured stdout call -----------------------------\n\nProduct: MacBook\nPrice/MacBook: $602.00\nQty: 7\n==&amp;gt; Total Price: $4,214.00\n----------------------------------------\nOrder Summary:\nProduct: 7x MacBook\n- Reward Points: 4200 | Total: $4,202.00\n\nOrder Summary Footer:\nSub-Total: $3,500.00\nEco Tax: $14.00\nVAT: $700.00\nTotal: $4,214.00\n----------------------------------------\nSuccess: The calculated total price $4,214.00 matches the order summary total $4,214.00.\n&#34;}], &#34;tests/test_checkout_process.py::test_compare_product_info&#34;: [{&#34;extras&#34;: [], &#34;result&#34;: &#34;Passed&#34;, &#34;testId&#34;: &#34;tests/test_checkout_process.py::test_compare_product_info&#34;, &#34;duration&#34;: &#34;00:00:15&#34;, &#34;resultsTableRow&#34;: [&#34;&lt;td class=\&#34;col-result\&#34;&gt;Passed&lt;/td&gt;&#34;, &#34;&lt;td class=\&#34;col-testId\&#34;&gt;tests/test_checkout_process.py::test_compare_product_info&lt;/td&gt;&#34;, &#34;&lt;td class=\&#34;col-duration\&#34;&gt;00:00:15&lt;/td&gt;&#34;, &#34;&lt;td class=\&#34;col-links\&#34;&gt;&lt;/td&gt;&#34;], &#34;log&#34;: &#34;----------------------------- Captured stdout call -----------------------------\n\nPRODUCT PAGE:\nName: iPhone\nPrice: $123.20\nBrand: Apple\nProduct Code: product 11\nAvailability: In Stock\nQuantity Added: 6\n----------------------------------------\n\nSHOPPING CART PAGE:\nName: iPhone, Model: iPhone, Quantity: 6, Unit Price: $123.20, Total: $729.20\nSub-Total: $606.00\nEco Tax (-2.00): $12.00\nVAT (20%): $121.20\nTotal: $739.20\n----------------------------------------\n----------------------------------------\n\nCOMPARING PRODUCT DETAILS:\nName: iPhone vs Name: iPhone\nPrice: $123.20 vs Unit Price: $123.20\nQuantity Added: 6 vs Quantity: 6\nProduct name matches!\nProduct price matches!\nQuantities match!\n\n\n&#34;}], &#34;tests/test_error_handling.py::test_lost_session_when_navigating_back_from_order_creation&#34;: [{&#34;extras&#34;: [], &#34;result&#34;: &#34;Passed&#34;, &#34;testId&#34;: &#34;tests/test_error_handling.py::test_lost_session_when_navigating_back_from_order_creation&#34;, &#34;duration&#34;: &#34;00:00:31&#34;, &#34;resultsTableRow&#34;: [&#34;&lt;td class=\&#34;col-result\&#34;&gt;Passed&lt;/td&gt;&#34;, &#34;&lt;td class=\&#34;col-testId\&#34;&gt;tests/test_error_handling.py::test_lost_session_when_navigating_back_from_order_creation&lt;/td&gt;&#34;, &#34;&lt;td class=\&#34;col-duration\&#34;&gt;00:00:31&lt;/td&gt;&#34;, &#34;&lt;td class=\&#34;col-links\&#34;&gt;&lt;/td&gt;&#34;], &#34;log&#34;: &#34;----------------------------- Captured stdout call -----------------------------\nStep 1: Logging in...\n\nNavigated to login page.\nEntered email.\nEntered password.\nClicked login button.\nNo error alert found; login should be successful.\nCurrent URL after login: http://localhost/demo/index.php?route=account/account&amp;amp;language=en-gb&amp;amp;customer_token=b0b5162bad280a42a2f6bbfe5c\nSuccessfully redirected to account page with a valid customer token.\nClicked on the logo to go back to the home page.\nReturned to the home page successfully.\nFound 5 items in the dropdown menu.\nStep 2: Navigating to Order History page...\nNavigated to Order History page. Current URL: http://localhost/demo/index.php?route=account/order&amp;amp;language=en-gb&amp;amp;customer_token=b0b5162bad280a42a2f6bbfe5c\nStep 3: Clicking on the &amp;#x27;View&amp;#x27; button for order details...\nNavigated to Order Details page. Current URL: http://localhost/demo/index.php?route=account/order.info&amp;amp;language=en-gb&amp;amp;customer_token=b0b5162bad280a42a2f6bbfe5c&amp;amp;order_id=80\nStep 4: Scrolling down to ensure &amp;#x27;Return&amp;#x27; button is visible...\nStep 5: Clicking on the &amp;#x27;Return&amp;#x27; button to initiate a return request...\nNavigated to Return page. Current URL: http://localhost/demo/index.php?route=account/returns.add&amp;amp;language=en-gb&amp;amp;order_id=80&amp;amp;product_id=40\nStep 6: Scrolling down to ensure &amp;#x27;Back&amp;#x27; button is visible...\nStep 7: Clicking on the &amp;#x27;Back&amp;#x27; button to return to the previous page...\nRedirected to login page. Current URL: http://localhost/demo/index.php?route=account/login&amp;amp;language=en-gb\n&#34;}], &#34;tests/test_error_handling.py::test_search_invalid_long_term&#34;: [{&#34;extras&#34;: [], &#34;result&#34;: &#34;Passed&#34;, &#34;testId&#34;: &#34;tests/test_error_handling.py::test_search_invalid_long_term&#34;, &#34;duration&#34;: &#34;00:00:14&#34;, &#34;resultsTableRow&#34;: [&#34;&lt;td class=\&#34;col-result\&#34;&gt;Passed&lt;/td&gt;&#34;, &#34;&lt;td class=\&#34;col-testId\&#34;&gt;tests/test_error_handling.py::test_search_invalid_long_term&lt;/td&gt;&#34;, &#34;&lt;td class=\&#34;col-duration\&#34;&gt;00:00:14&lt;/td&gt;&#34;, &#34;&lt;td class=\&#34;col-links\&#34;&gt;&lt;/td&gt;&#34;], &#34;log&#34;: &#34;----------------------------- Captured stdout call -----------------------------\nEntered &amp;#x27;AAAAAAAAAAAAAAAAAAAAAAAAAAAAAAAAAAAAAAAAAAAAAAAAAAAAAAAAAAAAAAAAAAAAAAAAAAAAAAAAAAAAAAAAAAAAAAAAAAAAAAAAAAAAAAAAAAAAAAAAAAAAAAAAAAAAAAAAAAAAAAAAAAAAAAAAAAAAAAAAAAAAAAAAAAAAAAAAAAAAAAAAAAAAAAAAAAAAAAAAAAAAAAAAAAAAAAAAAAAAAAAAAAAAAAAAAAAAAAAAAAAAAAAAAAAAAAA&amp;#x27; into the search box.\nClicked the search button and navigated to the results page.\nVerified URL: http://localhost/demo/index.php?route=product/search&amp;amp;language=en-gb&amp;amp;search=AAAAAAAAAAAAAAAAAAAAAAAAAAAAAAAAAAAAAAAAAAAAAAAAAAAAAAAAAAAAAAAAAAAAAAAAAAAAAAAAAAAAAAAAAAAAAAAAAAAAAAAAAAAAAAAAAAAAAAAAAAAAAAAAAAAAAAAAAAAAAAAAAAAAAAAAAAAAAAAAAAAAAAAAAAAAAAAAAAAAAAAAAAAAAAAAAAAAAAAAAAAAAAAAAAAAAAAAAAAAAAAAAAAAAAAAAAAAAAAAAAAAAAAAAAAAAAA\nVerified heading: &amp;#x27;Search - AAAAAAAAAAAAAAAAAAAAAAAAAAAAAAAAAAAAAAAAAAAAAAAAAAAAAAAAAAAAAAAAAAAAAAAAAAAAAAAAAAAAAAAAAAAAAAAAAAAAAAAAAAAAAAAAAAAAAAAAAAAAAAAAAAAAAAAAAAAAAAAAAAAAAAAAAAAAAAAAAAAAAAAAAAAAAAAAAAAAAAAAAAAAAAAAAAAAAAAAAAAAAAAAAAAAAAAAAAAAAAAAAAAAAAAAAAAAAAAAAAAAAAAAAAAAAAA&amp;#x27;\nVerified &amp;#x27;no product matches&amp;#x27; message: &amp;#x27;There is no product that matches the search criteria.&amp;#x27;\nScrolling horizontally to the end of the page...\n&#34;}], &#34;tests/test_error_handling.py::test_error_page_displayed_when_adding_product_to_cart_fails&#34;: [{&#34;extras&#34;: [], &#34;result&#34;: &#34;Passed&#34;, &#34;testId&#34;: &#34;tests/test_error_handling.py::test_error_page_displayed_when_adding_product_to_cart_fails&#34;, &#34;duration&#34;: &#34;00:00:06&#34;, &#34;resultsTableRow&#34;: [&#34;&lt;td class=\&#34;col-result\&#34;&gt;Passed&lt;/td&gt;&#34;, &#34;&lt;td class=\&#34;col-testId\&#34;&gt;tests/test_error_handling.py::test_error_page_displayed_when_adding_product_to_cart_fails&lt;/td&gt;&#34;, &#34;&lt;td class=\&#34;col-duration\&#34;&gt;00:00:06&lt;/td&gt;&#34;, &#34;&lt;td class=\&#34;col-links\&#34;&gt;&lt;/td&gt;&#34;], &#34;log&#34;: &#34;----------------------------- Captured stdout call -----------------------------\nNavigated to the product page.\nEntered the quantity: 2147483648\nClicked on &amp;#x27;Add to Cart&amp;#x27; button.\nSuccess message: Success: You have added MacBook to your shopping cart!\nCart button text: 2147483647 item(s) - $1,292,785,155,494.00\nVerified the cart button shows the expected number of items.\n&#34;}], &#34;tests/test_error_handling.py::test_error_page_displayed_when_adding_product_with_negative_quantity&#34;: [{&#34;extras&#34;: [], &#34;result&#34;: &#34;Passed&#34;, &#34;testId&#34;: &#34;tests/test_error_handling.py::test_error_page_displayed_when_adding_product_with_negative_quantity&#34;, &#34;duration&#34;: &#34;00:00:14&#34;, &#34;resultsTableRow&#34;: [&#34;&lt;td class=\&#34;col-result\&#34;&gt;Passed&lt;/td&gt;&#34;, &#34;&lt;td class=\&#34;col-testId\&#34;&gt;tests/test_error_handling.py::test_error_page_displayed_when_adding_product_with_negative_quantity&lt;/td&gt;&#34;, &#34;&lt;td class=\&#34;col-duration\&#34;&gt;00:00:14&lt;/td&gt;&#34;, &#34;&lt;td class=\&#34;col-links\&#34;&gt;&lt;/td&gt;&#34;], &#34;log&#34;: &#34;----------------------------- Captured stdout call -----------------------------\nNavigated to the product page.\nEntered the quantity: -1\nClicked on &amp;#x27;Add to Cart&amp;#x27; button.\nError message did not appear within the wait time.\nCart button text: 0 item(s) - $0.00\nVerified the cart button shows &amp;#x27;0 item(s) - $0.00&amp;#x27; after attempting to add a negative quantity.\n&#34;}], &#34;tests/test_error_handling.py::test_password_reset_redirect_without_new_password_field&#34;: [{&#34;extras&#34;: [], &#34;result&#34;: &#34;Passed&#34;, &#34;testId&#34;: &#34;tests/test_error_handling.py::test_password_reset_redirect_without_new_password_field&#34;, &#34;duration&#34;: &#34;00:00:17&#34;, &#34;resultsTableRow&#34;: [&#34;&lt;td class=\&#34;col-result\&#34;&gt;Passed&lt;/td&gt;&#34;, &#34;&lt;td class=\&#34;col-testId\&#34;&gt;tests/test_error_handling.py::test_password_reset_redirect_without_new_password_field&lt;/td&gt;&#34;, &#34;&lt;td class=\&#34;col-duration\&#34;&gt;00:00:17&lt;/td&gt;&#34;, &#34;&lt;td class=\&#34;col-links\&#34;&gt;&lt;/td&gt;&#34;], &#34;log&#34;: &#34;----------------------------- Captured stdout call -----------------------------\nStep 1: Navigating to login page...\nStep 2: Entering email address...\nStep 3: Clicking on &amp;#x27;Forgotten Password&amp;#x27; link...\nStep 4: Checking the redirect URL...\nTest passed! Current URL: http://localhost/demo/index.php?route=account/forgotten&amp;amp;language=en-gb\nStep 5: Entering email address in the forgotten password page...\nStep 6: Clicking on the &amp;#x27;Continue&amp;#x27; button...\nStep 7: Waiting for success message to appear...\nTest passed! Message: Success: Your password has been successfully updated.\n&#34;}], &#34;tests/test_error_handling.py::test_check_delivery_date_with_error_handling&#34;: [{&#34;extras&#34;: [], &#34;result&#34;: &#34;Passed&#34;, &#34;testId&#34;: &#34;tests/test_error_handling.py::test_check_delivery_date_with_error_handling&#34;, &#34;duration&#34;: &#34;00:00:40&#34;, &#34;resultsTableRow&#34;: [&#34;&lt;td class=\&#34;col-result\&#34;&gt;Passed&lt;/td&gt;&#34;, &#34;&lt;td class=\&#34;col-testId\&#34;&gt;tests/test_error_handling.py::test_check_delivery_date_with_error_handling&lt;/td&gt;&#34;, &#34;&lt;td class=\&#34;col-duration\&#34;&gt;00:00:40&lt;/td&gt;&#34;, &#34;&lt;td class=\&#34;col-links\&#34;&gt;&lt;/td&gt;&#34;], &#34;log&#34;: &#34;----------------------------- Captured stdout call -----------------------------\n\nPRODUCT &amp;#x27;HP LP3065&amp;#x27; PAGE:\nProduct Name: HP LP3065\nBrand: Hewlett-Packard\nProduct Code: Product 21\nReward Points: 300\nAvailability: In Stock\nPrice: $122.00\nEx Tax: Ex Tax: $100.00\nPrice in reward points: 400\nAvailability: In Stock\n\nAvailable Options:\nDelivery Date: 2011-04-22\n----------------------------------------\nToday&amp;#x27;s date is: 2024-12-09\nWarning: The delivery date 2011-04-22 is in the past!\n----------------------------------------\nQty: 1\nSuccess: You have added HP LP3065 to your shopping cart!\n========================================\n\nCHECKOUT PAGE: \nProduct: 1x HP LP3065\n- Delivery Date: 2011-04-22\n- Reward Points: 300 | Total: $100.00\nOrder Summary:\nSub-Total: $100.00\nFlat Shipping Rate: $5.00\nTotal: $105.00\n&#34;}], &#34;tests/test_form_submission.py::test_contact_form_submission_success_chrome&#34;: [{&#34;extras&#34;: [], &#34;result&#34;: &#34;Passed&#34;, &#34;testId&#34;: &#34;tests/test_form_submission.py::test_contact_form_submission_success_chrome&#34;, &#34;duration&#34;: &#34;00:00:24&#34;, &#34;resultsTableRow&#34;: [&#34;&lt;td class=\&#34;col-result\&#34;&gt;Passed&lt;/td&gt;&#34;, &#34;&lt;td class=\&#34;col-testId\&#34;&gt;tests/test_form_submission.py::test_contact_form_submission_success_chrome&lt;/td&gt;&#34;, &#34;&lt;td class=\&#34;col-duration\&#34;&gt;00:00:24&lt;/td&gt;&#34;, &#34;&lt;td class=\&#34;col-links\&#34;&gt;&lt;/td&gt;&#34;], &#34;log&#34;: &#34;----------------------------- Captured stdout call -----------------------------\nStarting test_contact_form_submission...\nRedirected to contact success page successfully.\nContact success header is present.\nSuccess message is present.\nClicked &amp;#x27;Continue&amp;#x27; button to return to the home page.\nReturned to the home page successfully after contact form submission.\n&#34;}], &#34;tests/test_form_submission.py::test_contact_form_submission_failure_chrome&#34;: [{&#34;extras&#34;: [], &#34;result&#34;: &#34;Failed&#34;, &#34;testId&#34;: &#34;tests/test_form_submission.py::test_contact_form_submission_failure_chrome&#34;, &#34;duration&#34;: &#34;00:00:18&#34;, &#34;resultsTableRow&#34;: [&#34;&lt;td class=\&#34;col-result\&#34;&gt;Failed&lt;/td&gt;&#34;, &#34;&lt;td class=\&#34;col-testId\&#34;&gt;tests/test_form_submission.py::test_contact_form_submission_failure_chrome&lt;/td&gt;&#34;, &#34;&lt;td class=\&#34;col-duration\&#34;&gt;00:00:18&lt;/td&gt;&#34;, &#34;&lt;td class=\&#34;col-links\&#34;&gt;&lt;/td&gt;&#34;], &#34;log&#34;: &#34;chrome_driver = &amp;lt;selenium.webdriver.chrome.webdriver.WebDriver (session=&amp;quot;c2b1bca19ed5e6a08b85c7db69d6f194&amp;quot;)&amp;gt;\n\n    def test_contact_form_submission_failure_chrome(chrome_driver):\n        # Navigate to the local contact page\n        navigate_to_contact_us(chrome_driver)\n        time.sleep(3)  # Wait for page to load\n        print(&amp;quot;Navigated to contact page.&amp;quot;)\n    \n        # Leave the name field empty\n        name_input = chrome_driver.find_element(By.ID, &amp;quot;input-name&amp;quot;)\n        name_input.send_keys(&amp;quot;&amp;quot;)  # Keep it empty to trigger error\n        time.sleep(1)\n        print(&amp;quot;Entered name.&amp;quot;)\n    \n        # Leave the email field empty\n        email_input = chrome_driver.find_element(By.ID, &amp;quot;input-email&amp;quot;)\n        email_input.send_keys(&amp;quot;&amp;quot;)  # Keep it empty to trigger error\n        time.sleep(1)\n        print(&amp;quot;Entered email.&amp;quot;)\n    \n        # Leave the enquiry textarea empty\n        enquiry_input = chrome_driver.find_element(By.ID, &amp;quot;input-enquiry&amp;quot;)\n        enquiry_input.send_keys(&amp;quot;&amp;quot;)  # Keep it empty to trigger error\n        time.sleep(1)\n        print(&amp;quot;Entered enquiry message.&amp;quot;)\n    \n        # Scroll to the submit button\n        submit_button = chrome_driver.find_element(By.CSS_SELECTOR, &amp;quot;button[type=&amp;#x27;submit&amp;#x27;]&amp;quot;)\n        chrome_driver.execute_script(&amp;quot;arguments[0].scrollIntoView(true);&amp;quot;, submit_button)\n        time.sleep(2)\n    \n        # Click the submit button\n        submit_button.click()\n        time.sleep(5)  # Wait for form submission to process\n        print(&amp;quot;Clicked submit button.&amp;quot;)\n    \n        # Verify no redirection to success page\n        assert chrome_driver.current_url != navigate_to_contact_us_success(chrome_driver), \\\n            &amp;quot;Redirection to contact success page occurred despite invalid input!&amp;quot;\n        print(&amp;quot;No redirection to contact success page, as expected.&amp;quot;)\n    \n        # Verify error messages\n&amp;gt;       error_message_name = chrome_driver.find_element(By.ID, &amp;quot;error-name&amp;quot;)\n\ntests/test_form_submission.py:107: \n_ _ _ _ _ _ _ _ _ _ _ _ _ _ _ _ _ _ _ _ _ _ _ _ _ _ _ _ _ _ _ _ _ _ _ _ _ _ _ _ _ _ _ _ _ _ _ _ _ _ _ _ _ _ _ _ _ _ _ _ _ _ _ _ _ _ _ _ _ _ _ _ _ _ _ _ _ _ _ \n.venv/lib/python3.12/site-packages/selenium/webdriver/remote/webdriver.py:770: in find_element\n    return self.execute(Command.FIND_ELEMENT, {&amp;quot;using&amp;quot;: by, &amp;quot;value&amp;quot;: value})[&amp;quot;value&amp;quot;]\n.venv/lib/python3.12/site-packages/selenium/webdriver/remote/webdriver.py:384: in execute\n    self.error_handler.check_response(response)\n_ _ _ _ _ _ _ _ _ _ _ _ _ _ _ _ _ _ _ _ _ _ _ _ _ _ _ _ _ _ _ _ _ _ _ _ _ _ _ _ _ _ _ _ _ _ _ _ _ _ _ _ _ _ _ _ _ _ _ _ _ _ _ _ _ _ _ _ _ _ _ _ _ _ _ _ _ _ _ \n\nself = &amp;lt;selenium.webdriver.remote.errorhandler.ErrorHandler object at 0x108906810&amp;gt;\nresponse = {&amp;#x27;status&amp;#x27;: 404, &amp;#x27;value&amp;#x27;: &amp;#x27;{&amp;quot;value&amp;quot;:{&amp;quot;error&amp;quot;:&amp;quot;no such element&amp;quot;,&amp;quot;message&amp;quot;:&amp;quot;no such element: Unable to locate element: {\\...00018fbc32e4 _pthread_start + 136\\\\n16  libsystem_pthread.dylib             0x000000018fbbe0fc thread_start + 8\\\\n&amp;quot;}}&amp;#x27;}\n\n    def check_response(self, response: Dict[str, Any]) -&amp;gt; None:\n        &amp;quot;&amp;quot;&amp;quot;Checks that a JSON response from the WebDriver does not have an\n        error.\n    \n        :Args:\n         - response - The JSON response from the WebDriver server as a dictionary\n           object.\n    \n        :Raises: If the response contains an error message.\n        &amp;quot;&amp;quot;&amp;quot;\n        status = response.get(&amp;quot;status&amp;quot;, None)\n        if not status or status == ErrorCode.SUCCESS:\n            return\n        value = None\n        message = response.get(&amp;quot;message&amp;quot;, &amp;quot;&amp;quot;)\n        screen: str = response.get(&amp;quot;screen&amp;quot;, &amp;quot;&amp;quot;)\n        stacktrace = None\n        if isinstance(status, int):\n            value_json = response.get(&amp;quot;value&amp;quot;, None)\n            if value_json and isinstance(value_json, str):\n                import json\n    \n                try:\n                    value = json.loads(value_json)\n                    if len(value) == 1:\n                        value = value[&amp;quot;value&amp;quot;]\n                    status = value.get(&amp;quot;error&amp;quot;, None)\n                    if not status:\n                        status = value.get(&amp;quot;status&amp;quot;, ErrorCode.UNKNOWN_ERROR)\n                        message = value.get(&amp;quot;value&amp;quot;) or value.get(&amp;quot;message&amp;quot;)\n                        if not isinstance(message, str):\n                            value = message\n                            message = message.get(&amp;quot;message&amp;quot;)\n                    else:\n                        message = value.get(&amp;quot;message&amp;quot;, None)\n                except ValueError:\n                    pass\n    \n        exception_class: Type[WebDriverException]\n        e = ErrorCode()\n        error_codes = [item for item in dir(e) if not item.startswith(&amp;quot;__&amp;quot;)]\n        for error_code in error_codes:\n            error_info = getattr(ErrorCode, error_code)\n            if isinstance(error_info, list) and status in error_info:\n                exception_class = getattr(ExceptionMapping, error_code, WebDriverException)\n                break\n        else:\n            exception_class = WebDriverException\n    \n        if not value:\n            value = response[&amp;quot;value&amp;quot;]\n        if isinstance(value, str):\n            raise exception_class(value)\n        if message == &amp;quot;&amp;quot; and &amp;quot;message&amp;quot; in value:\n            message = value[&amp;quot;message&amp;quot;]\n    \n        screen = None  # type: ignore[assignment]\n        if &amp;quot;screen&amp;quot; in value:\n            screen = value[&amp;quot;screen&amp;quot;]\n    \n        stacktrace = None\n        st_value = value.get(&amp;quot;stackTrace&amp;quot;) or value.get(&amp;quot;stacktrace&amp;quot;)\n        if st_value:\n            if isinstance(st_value, str):\n                stacktrace = st_value.split(&amp;quot;\\n&amp;quot;)\n            else:\n                stacktrace = []\n                try:\n                    for frame in st_value:\n                        line = frame.get(&amp;quot;lineNumber&amp;quot;, &amp;quot;&amp;quot;)\n                        file = frame.get(&amp;quot;fileName&amp;quot;, &amp;quot;&amp;lt;anonymous&amp;gt;&amp;quot;)\n                        if line:\n                            file = f&amp;quot;{file}:{line}&amp;quot;\n                        meth = frame.get(&amp;quot;methodName&amp;quot;, &amp;quot;&amp;lt;anonymous&amp;gt;&amp;quot;)\n                        if &amp;quot;className&amp;quot; in frame:\n                            meth = f&amp;quot;{frame[&amp;#x27;className&amp;#x27;]}.{meth}&amp;quot;\n                        msg = &amp;quot;    at %s (%s)&amp;quot;\n                        msg = msg % (meth, file)\n                        stacktrace.append(msg)\n                except TypeError:\n                    pass\n        if exception_class == UnexpectedAlertPresentException:\n            alert_text = None\n            if &amp;quot;data&amp;quot; in value:\n                alert_text = value[&amp;quot;data&amp;quot;].get(&amp;quot;text&amp;quot;)\n            elif &amp;quot;alert&amp;quot; in value:\n                alert_text = value[&amp;quot;alert&amp;quot;].get(&amp;quot;text&amp;quot;)\n            raise exception_class(message, screen, stacktrace, alert_text)  # type: ignore[call-arg]  # mypy is not smart enough here\n&amp;gt;       raise exception_class(message, screen, stacktrace)\nE       selenium.common.exceptions.NoSuchElementException: Message: no such element: Unable to locate element: {&amp;quot;method&amp;quot;:&amp;quot;css selector&amp;quot;,&amp;quot;selector&amp;quot;:&amp;quot;[id=&amp;quot;error-name&amp;quot;]&amp;quot;}\nE         (Session info: chrome=131.0.6778.109); For documentation on this error, please visit: https://www.selenium.dev/documentation/webdriver/troubleshooting/errors#no-such-element-exception\nE       Stacktrace:\nE       0   chromedriver                        0x0000000100e5fb08 cxxbridge1$str$ptr + 3651580\nE       1   chromedriver                        0x0000000100e58358 cxxbridge1$str$ptr + 3620940\nE       2   chromedriver                        0x00000001008c04b4 cxxbridge1$string$len + 89224\nE       3   chromedriver                        0x0000000100904898 cxxbridge1$string$len + 368748\nE       4   chromedriver                        0x000000010093e0fc cxxbridge1$string$len + 604368\nE       5   chromedriver                        0x00000001008f90b0 cxxbridge1$string$len + 321668\nE       6   chromedriver                        0x00000001008f9d00 cxxbridge1$string$len + 324820\nE       7   chromedriver                        0x0000000100e2ae4c cxxbridge1$str$ptr + 3435328\nE       8   chromedriver                        0x0000000100e2e164 cxxbridge1$str$ptr + 3448408\nE       9   chromedriver                        0x0000000100e121c0 cxxbridge1$str$ptr + 3333812\nE       10  chromedriver                        0x0000000100e2ea24 cxxbridge1$str$ptr + 3450648\nE       11  chromedriver                        0x0000000100e039cc cxxbridge1$str$ptr + 3274432\nE       12  chromedriver                        0x0000000100e49138 cxxbridge1$str$ptr + 3558956\nE       13  chromedriver                        0x0000000100e492b4 cxxbridge1$str$ptr + 3559336\nE       14  chromedriver                        0x0000000100e57fcc cxxbridge1$str$ptr + 3620032\nE       15  libsystem_pthread.dylib             0x000000018fbc32e4 _pthread_start + 136\nE       16  libsystem_pthread.dylib             0x000000018fbbe0fc thread_start + 8\n\n.venv/lib/python3.12/site-packages/selenium/webdriver/remote/errorhandler.py:232: NoSuchElementException\n\n----------------------------- Captured stdout call -----------------------------\nNavigated to contact page.\nEntered name.\nEntered email.\nEntered enquiry message.\nClicked submit button.\nNo redirection to contact success page, as expected.\n&#34;}], &#34;tests/test_login_logout.py::test_login_success_chrome&#34;: [{&#34;extras&#34;: [], &#34;result&#34;: &#34;Passed&#34;, &#34;testId&#34;: &#34;tests/test_login_logout.py::test_login_success_chrome&#34;, &#34;duration&#34;: &#34;00:00:15&#34;, &#34;resultsTableRow&#34;: [&#34;&lt;td class=\&#34;col-result\&#34;&gt;Passed&lt;/td&gt;&#34;, &#34;&lt;td class=\&#34;col-testId\&#34;&gt;tests/test_login_logout.py::test_login_success_chrome&lt;/td&gt;&#34;, &#34;&lt;td class=\&#34;col-duration\&#34;&gt;00:00:15&lt;/td&gt;&#34;, &#34;&lt;td class=\&#34;col-links\&#34;&gt;&lt;/td&gt;&#34;], &#34;log&#34;: &#34;----------------------------- Captured stdout call -----------------------------\n\nNavigated to login page.\nEntered email.\nEntered password.\nClicked login button.\nNo error alert found; login should be successful.\nCurrent URL after login: http://localhost/demo/index.php?route=account/account&amp;amp;language=en-gb&amp;amp;customer_token=6ac225d142f29910adb57343a7\nSuccessfully redirected to account page with a valid customer token.\nClicked on the logo to go back to the home page.\nReturned to the home page successfully.\nOpened &amp;#x27;My Account&amp;#x27; dropdown.\nFound 5 items in the dropdown menu.\nLogin success confirmed. Dropdown contains expected 5 items.\n&#34;}], &#34;tests/test_login_logout.py::test_login_failure_invalid_username_chrome&#34;: [{&#34;extras&#34;: [], &#34;result&#34;: &#34;Passed&#34;, &#34;testId&#34;: &#34;tests/test_login_logout.py::test_login_failure_invalid_username_chrome&#34;, &#34;duration&#34;: &#34;00:00:15&#34;, &#34;resultsTableRow&#34;: [&#34;&lt;td class=\&#34;col-result\&#34;&gt;Passed&lt;/td&gt;&#34;, &#34;&lt;td class=\&#34;col-testId\&#34;&gt;tests/test_login_logout.py::test_login_failure_invalid_username_chrome&lt;/td&gt;&#34;, &#34;&lt;td class=\&#34;col-duration\&#34;&gt;00:00:15&lt;/td&gt;&#34;, &#34;&lt;td class=\&#34;col-links\&#34;&gt;&lt;/td&gt;&#34;], &#34;log&#34;: &#34;----------------------------- Captured stdout call -----------------------------\n\nNavigated to login page.\nEntered incorrect email.\nEntered incorrect password.\nClicked login button.\nCorrect warning message found; login failed as expected. Alert message: Warning: No match for E-Mail Address and/or Password.\nClicked on the logo to go back to the home page.\nOpened &amp;#x27;My Account&amp;#x27; dropdown.\nFound 2 items in the dropdown menu.\nLogin failure confirmed. Dropdown contains expected 2 items.\n&#34;}], &#34;tests/test_login_logout.py::test_login_failure_invalid_password_chrome&#34;: [{&#34;extras&#34;: [], &#34;result&#34;: &#34;Passed&#34;, &#34;testId&#34;: &#34;tests/test_login_logout.py::test_login_failure_invalid_password_chrome&#34;, &#34;duration&#34;: &#34;00:00:15&#34;, &#34;resultsTableRow&#34;: [&#34;&lt;td class=\&#34;col-result\&#34;&gt;Passed&lt;/td&gt;&#34;, &#34;&lt;td class=\&#34;col-testId\&#34;&gt;tests/test_login_logout.py::test_login_failure_invalid_password_chrome&lt;/td&gt;&#34;, &#34;&lt;td class=\&#34;col-duration\&#34;&gt;00:00:15&lt;/td&gt;&#34;, &#34;&lt;td class=\&#34;col-links\&#34;&gt;&lt;/td&gt;&#34;], &#34;log&#34;: &#34;----------------------------- Captured stdout call -----------------------------\n\nNavigated to login page.\nEntered incorrect email.\nEntered incorrect password.\nClicked login button.\nCorrect warning message found; login failed as expected. Alert message: Warning: No match for E-Mail Address and/or Password.\nClicked on the logo to go back to the home page.\nOpened &amp;#x27;My Account&amp;#x27; dropdown.\nFound 2 items in the dropdown menu.\nLogin failure confirmed. Dropdown contains expected 2 items.\n&#34;}], &#34;tests/test_login_logout.py::test_login_failure_empty_credentials_chrome&#34;: [{&#34;extras&#34;: [], &#34;result&#34;: &#34;Passed&#34;, &#34;testId&#34;: &#34;tests/test_login_logout.py::test_login_failure_empty_credentials_chrome&#34;, &#34;duration&#34;: &#34;00:00:15&#34;, &#34;resultsTableRow&#34;: [&#34;&lt;td class=\&#34;col-result\&#34;&gt;Passed&lt;/td&gt;&#34;, &#34;&lt;td class=\&#34;col-testId\&#34;&gt;tests/test_login_logout.py::test_login_failure_empty_credentials_chrome&lt;/td&gt;&#34;, &#34;&lt;td class=\&#34;col-duration\&#34;&gt;00:00:15&lt;/td&gt;&#34;, &#34;&lt;td class=\&#34;col-links\&#34;&gt;&lt;/td&gt;&#34;], &#34;log&#34;: &#34;----------------------------- Captured stdout call -----------------------------\n\nNavigated to login page.\nEmail field is empty.\nPassword field is empty.\nClicked login button.\nCorrect warning message found; login failed as expected. Alert message: Warning: No match for E-Mail Address and/or Password.\nClicked on the logo to go back to the home page.\nOpened &amp;#x27;My Account&amp;#x27; dropdown.\nFound 2 items in the dropdown menu.\nLogin failure confirmed. Dropdown contains expected 2 items.\n&#34;}], &#34;tests/test_login_logout.py::test_logout_success_chrome&#34;: [{&#34;extras&#34;: [], &#34;result&#34;: &#34;Passed&#34;, &#34;testId&#34;: &#34;tests/test_login_logout.py::test_logout_success_chrome&#34;, &#34;duration&#34;: &#34;00:00:25&#34;, &#34;resultsTableRow&#34;: [&#34;&lt;td class=\&#34;col-result\&#34;&gt;Passed&lt;/td&gt;&#34;, &#34;&lt;td class=\&#34;col-testId\&#34;&gt;tests/test_login_logout.py::test_logout_success_chrome&lt;/td&gt;&#34;, &#34;&lt;td class=\&#34;col-duration\&#34;&gt;00:00:25&lt;/td&gt;&#34;, &#34;&lt;td class=\&#34;col-links\&#34;&gt;&lt;/td&gt;&#34;], &#34;log&#34;: &#34;----------------------------- Captured stdout call -----------------------------\n\nNavigated to login page.\nEntered email.\nEntered password.\nClicked login button.\nNo error alert found; login should be successful.\nCurrent URL after login: http://localhost/demo/index.php?route=account/account&amp;amp;language=en-gb&amp;amp;customer_token=2cd83efdbe7c497b2a4eddc71d\nSuccessfully redirected to account page with a valid customer token.\nClicked on the logo to go back to the home page.\nReturned to the home page successfully.\nOpened &amp;#x27;My Account&amp;#x27; dropdown.\nFound 5 items in the dropdown menu.\nLogin success confirmed. Dropdown contains expected 5 items.\nClicked logout link.\nRedirected to logout page successfully.\nLogout confirmation header is present.\nLogout confirmation message is present.\nClicked &amp;#x27;Continue&amp;#x27; button.\nReturned to the home page successfully after logout.\nOpened &amp;#x27;My Account&amp;#x27; dropdown again.\nFound 2 items in the dropdown menu.\nLogout success confirmed. Dropdown contains expected 2 items after logout.\n&#34;}], &#34;tests/test_responsive_design.py::test_check_ui_on_large_screen[320-480]&#34;: [{&#34;extras&#34;: [], &#34;result&#34;: &#34;Passed&#34;, &#34;testId&#34;: &#34;tests/test_responsive_design.py::test_check_ui_on_large_screen[320-480]&#34;, &#34;duration&#34;: &#34;00:00:09&#34;, &#34;resultsTableRow&#34;: [&#34;&lt;td class=\&#34;col-result\&#34;&gt;Passed&lt;/td&gt;&#34;, &#34;&lt;td class=\&#34;col-testId\&#34;&gt;tests/test_responsive_design.py::test_check_ui_on_large_screen[320-480]&lt;/td&gt;&#34;, &#34;&lt;td class=\&#34;col-duration\&#34;&gt;00:00:09&lt;/td&gt;&#34;, &#34;&lt;td class=\&#34;col-links\&#34;&gt;&lt;/td&gt;&#34;], &#34;log&#34;: &#34;----------------------------- Captured stdout call -----------------------------\n\n\nKi\u1ec3m tra v\u1edbi \u0111\u1ed9 ph\u00e2n gi\u1ea3i: 320x480\n\nTh\u1eddi gian t\u1ea3i trang: 1.77 gi\u00e2y\n\nHeader Height: 153\nFooter Height: 635\nS\u1ed1 l\u01b0\u1ee3ng ph\u1ea7n t\u1eed ch\u00ednh t\u00ecm th\u1ea5y: 5\nChi\u1ec1u cao trang: 3058\nChi\u1ec1u cao c\u1eeda s\u1ed5 tr\u00ecnh duy\u1ec7t: 341\nGi\u1edbi h\u1ea1n chi\u1ec1u cao cho ph\u00e9p: 3410\nChi\u1ec1u cao trang sau khi cu\u1ed9n: 3058\n&#34;}], &#34;tests/test_responsive_design.py::test_check_ui_on_large_screen[480-800]&#34;: [{&#34;extras&#34;: [], &#34;result&#34;: &#34;Passed&#34;, &#34;testId&#34;: &#34;tests/test_responsive_design.py::test_check_ui_on_large_screen[480-800]&#34;, &#34;duration&#34;: &#34;00:00:09&#34;, &#34;resultsTableRow&#34;: [&#34;&lt;td class=\&#34;col-result\&#34;&gt;Passed&lt;/td&gt;&#34;, &#34;&lt;td class=\&#34;col-testId\&#34;&gt;tests/test_responsive_design.py::test_check_ui_on_large_screen[480-800]&lt;/td&gt;&#34;, &#34;&lt;td class=\&#34;col-duration\&#34;&gt;00:00:09&lt;/td&gt;&#34;, &#34;&lt;td class=\&#34;col-links\&#34;&gt;&lt;/td&gt;&#34;], &#34;log&#34;: &#34;----------------------------- Captured stdout call -----------------------------\n\n\nKi\u1ec3m tra v\u1edbi \u0111\u1ed9 ph\u00e2n gi\u1ea3i: 480x800\n\nTh\u1eddi gian t\u1ea3i trang: 1.58 gi\u00e2y\n\nHeader Height: 153\nFooter Height: 635\nS\u1ed1 l\u01b0\u1ee3ng ph\u1ea7n t\u1eed ch\u00ednh t\u00ecm th\u1ea5y: 5\nChi\u1ec1u cao trang: 3058\nChi\u1ec1u cao c\u1eeda s\u1ed5 tr\u00ecnh duy\u1ec7t: 661\nGi\u1edbi h\u1ea1n chi\u1ec1u cao cho ph\u00e9p: 6610\nChi\u1ec1u cao trang sau khi cu\u1ed9n: 3058\n&#34;}], &#34;tests/test_responsive_design.py::test_check_ui_on_large_screen[600-1024]&#34;: [{&#34;extras&#34;: [], &#34;result&#34;: &#34;Passed&#34;, &#34;testId&#34;: &#34;tests/test_responsive_design.py::test_check_ui_on_large_screen[600-1024]&#34;, &#34;duration&#34;: &#34;00:00:08&#34;, &#34;resultsTableRow&#34;: [&#34;&lt;td class=\&#34;col-result\&#34;&gt;Passed&lt;/td&gt;&#34;, &#34;&lt;td class=\&#34;col-testId\&#34;&gt;tests/test_responsive_design.py::test_check_ui_on_large_screen[600-1024]&lt;/td&gt;&#34;, &#34;&lt;td class=\&#34;col-duration\&#34;&gt;00:00:08&lt;/td&gt;&#34;, &#34;&lt;td class=\&#34;col-links\&#34;&gt;&lt;/td&gt;&#34;], &#34;log&#34;: &#34;----------------------------- Captured stdout call -----------------------------\n\n\nKi\u1ec3m tra v\u1edbi \u0111\u1ed9 ph\u00e2n gi\u1ea3i: 600x1024\n\nTh\u1eddi gian t\u1ea3i trang: 1.60 gi\u00e2y\n\nHeader Height: 153\nFooter Height: 296\nS\u1ed1 l\u01b0\u1ee3ng ph\u1ea7n t\u1eed ch\u00ednh t\u00ecm th\u1ea5y: 5\nChi\u1ec1u cao trang: 1895\nChi\u1ec1u cao c\u1eeda s\u1ed5 tr\u00ecnh duy\u1ec7t: 691\nGi\u1edbi h\u1ea1n chi\u1ec1u cao cho ph\u00e9p: 6910\nChi\u1ec1u cao trang sau khi cu\u1ed9n: 1895\n&#34;}], &#34;tests/test_responsive_design.py::test_check_ui_on_large_screen[768-1280]&#34;: [{&#34;extras&#34;: [], &#34;result&#34;: &#34;Passed&#34;, &#34;testId&#34;: &#34;tests/test_responsive_design.py::test_check_ui_on_large_screen[768-1280]&#34;, &#34;duration&#34;: &#34;00:00:08&#34;, &#34;resultsTableRow&#34;: [&#34;&lt;td class=\&#34;col-result\&#34;&gt;Passed&lt;/td&gt;&#34;, &#34;&lt;td class=\&#34;col-testId\&#34;&gt;tests/test_responsive_design.py::test_check_ui_on_large_screen[768-1280]&lt;/td&gt;&#34;, &#34;&lt;td class=\&#34;col-duration\&#34;&gt;00:00:08&lt;/td&gt;&#34;, &#34;&lt;td class=\&#34;col-links\&#34;&gt;&lt;/td&gt;&#34;], &#34;log&#34;: &#34;----------------------------- Captured stdout call -----------------------------\n\n\nKi\u1ec3m tra v\u1edbi \u0111\u1ed9 ph\u00e2n gi\u1ea3i: 768x1280\n\nTh\u1eddi gian t\u1ea3i trang: 1.56 gi\u00e2y\n\nHeader Height: 56\nFooter Height: 255\nS\u1ed1 l\u01b0\u1ee3ng ph\u1ea7n t\u1eed ch\u00ednh t\u00ecm th\u1ea5y: 5\nChi\u1ec1u cao trang: 1880\nChi\u1ec1u cao c\u1eeda s\u1ed5 tr\u00ecnh duy\u1ec7t: 691\nGi\u1edbi h\u1ea1n chi\u1ec1u cao cho ph\u00e9p: 6910\nChi\u1ec1u cao trang sau khi cu\u1ed9n: 1880\n&#34;}], &#34;tests/test_responsive_design.py::test_check_ui_on_large_screen[1366-768]&#34;: [{&#34;extras&#34;: [], &#34;result&#34;: &#34;Passed&#34;, &#34;testId&#34;: &#34;tests/test_responsive_design.py::test_check_ui_on_large_screen[1366-768]&#34;, &#34;duration&#34;: &#34;00:00:09&#34;, &#34;resultsTableRow&#34;: [&#34;&lt;td class=\&#34;col-result\&#34;&gt;Passed&lt;/td&gt;&#34;, &#34;&lt;td class=\&#34;col-testId\&#34;&gt;tests/test_responsive_design.py::test_check_ui_on_large_screen[1366-768]&lt;/td&gt;&#34;, &#34;&lt;td class=\&#34;col-duration\&#34;&gt;00:00:09&lt;/td&gt;&#34;, &#34;&lt;td class=\&#34;col-links\&#34;&gt;&lt;/td&gt;&#34;], &#34;log&#34;: &#34;----------------------------- Captured stdout call -----------------------------\n\n\nKi\u1ec3m tra v\u1edbi \u0111\u1ed9 ph\u00e2n gi\u1ea3i: 1366x768\n\nTh\u1eddi gian t\u1ea3i trang: 1.33 gi\u00e2y\n\nHeader Height: 56\nFooter Height: 255\nS\u1ed1 l\u01b0\u1ee3ng ph\u1ea7n t\u1eed ch\u00ednh t\u00ecm th\u1ea5y: 5\nChi\u1ec1u cao trang: 1547\nChi\u1ec1u cao c\u1eeda s\u1ed5 tr\u00ecnh duy\u1ec7t: 629\nGi\u1edbi h\u1ea1n chi\u1ec1u cao cho ph\u00e9p: 6290\nChi\u1ec1u cao trang sau khi cu\u1ed9n: 1547\n&#34;}], &#34;tests/test_responsive_design.py::test_check_ui_on_large_screen[1920-1080]&#34;: [{&#34;extras&#34;: [], &#34;result&#34;: &#34;Passed&#34;, &#34;testId&#34;: &#34;tests/test_responsive_design.py::test_check_ui_on_large_screen[1920-1080]&#34;, &#34;duration&#34;: &#34;00:00:09&#34;, &#34;resultsTableRow&#34;: [&#34;&lt;td class=\&#34;col-result\&#34;&gt;Passed&lt;/td&gt;&#34;, &#34;&lt;td class=\&#34;col-testId\&#34;&gt;tests/test_responsive_design.py::test_check_ui_on_large_screen[1920-1080]&lt;/td&gt;&#34;, &#34;&lt;td class=\&#34;col-duration\&#34;&gt;00:00:09&lt;/td&gt;&#34;, &#34;&lt;td class=\&#34;col-links\&#34;&gt;&lt;/td&gt;&#34;], &#34;log&#34;: &#34;----------------------------- Captured stdout call -----------------------------\n\n\nKi\u1ec3m tra v\u1edbi \u0111\u1ed9 ph\u00e2n gi\u1ea3i: 1920x1080\n\nTh\u1eddi gian t\u1ea3i trang: 1.62 gi\u00e2y\n\nHeader Height: 56\nFooter Height: 255\nS\u1ed1 l\u01b0\u1ee3ng ph\u1ea7n t\u1eed ch\u00ednh t\u00ecm th\u1ea5y: 5\nChi\u1ec1u cao trang: 1557\nChi\u1ec1u cao c\u1eeda s\u1ed5 tr\u00ecnh duy\u1ec7t: 691\nGi\u1edbi h\u1ea1n chi\u1ec1u cao cho ph\u00e9p: 6910\nChi\u1ec1u cao trang sau khi cu\u1ed9n: 1557\n&#34;}], &#34;tests/test_responsive_design.py::test_check_ui_on_large_screen[2560-1440]&#34;: [{&#34;extras&#34;: [], &#34;result&#34;: &#34;Passed&#34;, &#34;testId&#34;: &#34;tests/test_responsive_design.py::test_check_ui_on_large_screen[2560-1440]&#34;, &#34;duration&#34;: &#34;00:00:08&#34;, &#34;resultsTableRow&#34;: [&#34;&lt;td class=\&#34;col-result\&#34;&gt;Passed&lt;/td&gt;&#34;, &#34;&lt;td class=\&#34;col-testId\&#34;&gt;tests/test_responsive_design.py::test_check_ui_on_large_screen[2560-1440]&lt;/td&gt;&#34;, &#34;&lt;td class=\&#34;col-duration\&#34;&gt;00:00:08&lt;/td&gt;&#34;, &#34;&lt;td class=\&#34;col-links\&#34;&gt;&lt;/td&gt;&#34;], &#34;log&#34;: &#34;----------------------------- Captured stdout call -----------------------------\n\n\nKi\u1ec3m tra v\u1edbi \u0111\u1ed9 ph\u00e2n gi\u1ea3i: 2560x1440\n\nTh\u1eddi gian t\u1ea3i trang: 1.60 gi\u00e2y\n\nHeader Height: 56\nFooter Height: 255\nS\u1ed1 l\u01b0\u1ee3ng ph\u1ea7n t\u1eed ch\u00ednh t\u00ecm th\u1ea5y: 5\nChi\u1ec1u cao trang: 1557\nChi\u1ec1u cao c\u1eeda s\u1ed5 tr\u00ecnh duy\u1ec7t: 691\nGi\u1edbi h\u1ea1n chi\u1ec1u cao cho ph\u00e9p: 6910\nChi\u1ec1u cao trang sau khi cu\u1ed9n: 1557\n&#34;}], &#34;tests/test_responsive_design.py::test_check_ui_on_large_screen[3840-2160]&#34;: [{&#34;extras&#34;: [], &#34;result&#34;: &#34;Passed&#34;, &#34;testId&#34;: &#34;tests/test_responsive_design.py::test_check_ui_on_large_screen[3840-2160]&#34;, &#34;duration&#34;: &#34;00:00:09&#34;, &#34;resultsTableRow&#34;: [&#34;&lt;td class=\&#34;col-result\&#34;&gt;Passed&lt;/td&gt;&#34;, &#34;&lt;td class=\&#34;col-testId\&#34;&gt;tests/test_responsive_design.py::test_check_ui_on_large_screen[3840-2160]&lt;/td&gt;&#34;, &#34;&lt;td class=\&#34;col-duration\&#34;&gt;00:00:09&lt;/td&gt;&#34;, &#34;&lt;td class=\&#34;col-links\&#34;&gt;&lt;/td&gt;&#34;], &#34;log&#34;: &#34;----------------------------- Captured stdout call -----------------------------\n\n\nKi\u1ec3m tra v\u1edbi \u0111\u1ed9 ph\u00e2n gi\u1ea3i: 3840x2160\n\nTh\u1eddi gian t\u1ea3i trang: 1.99 gi\u00e2y\n\nHeader Height: 56\nFooter Height: 255\nS\u1ed1 l\u01b0\u1ee3ng ph\u1ea7n t\u1eed ch\u00ednh t\u00ecm th\u1ea5y: 5\nChi\u1ec1u cao trang: 1557\nChi\u1ec1u cao c\u1eeda s\u1ed5 tr\u00ecnh duy\u1ec7t: 691\nGi\u1edbi h\u1ea1n chi\u1ec1u cao cho ph\u00e9p: 6910\nChi\u1ec1u cao trang sau khi cu\u1ed9n: 1557\n&#34;}], &#34;tests/test_search_across_browsers.py::test_open_home_page_chrome&#34;: [{&#34;extras&#34;: [], &#34;result&#34;: &#34;Passed&#34;, &#34;testId&#34;: &#34;tests/test_search_across_browsers.py::test_open_home_page_chrome&#34;, &#34;duration&#34;: &#34;00:00:13&#34;, &#34;resultsTableRow&#34;: [&#34;&lt;td class=\&#34;col-result\&#34;&gt;Passed&lt;/td&gt;&#34;, &#34;&lt;td class=\&#34;col-testId\&#34;&gt;tests/test_search_across_browsers.py::test_open_home_page_chrome&lt;/td&gt;&#34;, &#34;&lt;td class=\&#34;col-duration\&#34;&gt;00:00:13&lt;/td&gt;&#34;, &#34;&lt;td class=\&#34;col-links\&#34;&gt;&lt;/td&gt;&#34;], &#34;log&#34;: &#34;----------------------------- Captured stdout call -----------------------------\n\nTrang web \u0111\u00e3 m\u1edf th\u00e0nh c\u00f4ng!\nH\u00ecnh \u1ea3nh \u0111\u00e3 t\u1ea3i th\u00e0nh c\u00f4ng!\n&#34;}], &#34;tests/test_search_across_browsers.py::test_open_home_page_firefox&#34;: [{&#34;extras&#34;: [], &#34;result&#34;: &#34;Passed&#34;, &#34;testId&#34;: &#34;tests/test_search_across_browsers.py::test_open_home_page_firefox&#34;, &#34;duration&#34;: &#34;00:00:14&#34;, &#34;resultsTableRow&#34;: [&#34;&lt;td class=\&#34;col-result\&#34;&gt;Passed&lt;/td&gt;&#34;, &#34;&lt;td class=\&#34;col-testId\&#34;&gt;tests/test_search_across_browsers.py::test_open_home_page_firefox&lt;/td&gt;&#34;, &#34;&lt;td class=\&#34;col-duration\&#34;&gt;00:00:14&lt;/td&gt;&#34;, &#34;&lt;td class=\&#34;col-links\&#34;&gt;&lt;/td&gt;&#34;], &#34;log&#34;: &#34;----------------------------- Captured stdout call -----------------------------\n\nTrang web \u0111\u00e3 m\u1edf th\u00e0nh c\u00f4ng!\nH\u00ecnh \u1ea3nh \u0111\u00e3 t\u1ea3i th\u00e0nh c\u00f4ng!\n&#34;}], &#34;tests/test_search_functionality.py::test_search_macbook[MacBook]&#34;: [{&#34;extras&#34;: [], &#34;result&#34;: &#34;Passed&#34;, &#34;testId&#34;: &#34;tests/test_search_functionality.py::test_search_macbook[MacBook]&#34;, &#34;duration&#34;: &#34;00:00:09&#34;, &#34;resultsTableRow&#34;: [&#34;&lt;td class=\&#34;col-result\&#34;&gt;Passed&lt;/td&gt;&#34;, &#34;&lt;td class=\&#34;col-testId\&#34;&gt;tests/test_search_functionality.py::test_search_macbook[MacBook]&lt;/td&gt;&#34;, &#34;&lt;td class=\&#34;col-duration\&#34;&gt;00:00:09&lt;/td&gt;&#34;, &#34;&lt;td class=\&#34;col-links\&#34;&gt;&lt;/td&gt;&#34;], &#34;log&#34;: &#34;----------------------------- Captured stdout call -----------------------------\n\nEntered &amp;#x27;MacBook&amp;#x27; into the search box.\nVerified heading: &amp;#x27;Search - MacBook&amp;#x27;\n----------------------------------------\nFound 3 product(s) in the search results for &amp;#x27;MacBook&amp;#x27;.\nVerified product: &amp;#x27;MacBook&amp;#x27;\nProduct &amp;#x27;MacBook&amp;#x27; has a price of $602.00\nVerified product: &amp;#x27;MacBook Air&amp;#x27;\nProduct &amp;#x27;MacBook Air&amp;#x27; has a price of $1,202.00\nVerified product: &amp;#x27;MacBook Pro&amp;#x27;\nProduct &amp;#x27;MacBook Pro&amp;#x27; has a price of $2,000.00\n[&amp;#x27;MacBook&amp;#x27;, &amp;#x27;MacBook Air&amp;#x27;, &amp;#x27;MacBook Pro&amp;#x27;]\n&#34;}], &#34;tests/test_search_functionality.py::test_search_macbook[macbook]&#34;: [{&#34;extras&#34;: [], &#34;result&#34;: &#34;Passed&#34;, &#34;testId&#34;: &#34;tests/test_search_functionality.py::test_search_macbook[macbook]&#34;, &#34;duration&#34;: &#34;00:00:10&#34;, &#34;resultsTableRow&#34;: [&#34;&lt;td class=\&#34;col-result\&#34;&gt;Passed&lt;/td&gt;&#34;, &#34;&lt;td class=\&#34;col-testId\&#34;&gt;tests/test_search_functionality.py::test_search_macbook[macbook]&lt;/td&gt;&#34;, &#34;&lt;td class=\&#34;col-duration\&#34;&gt;00:00:10&lt;/td&gt;&#34;, &#34;&lt;td class=\&#34;col-links\&#34;&gt;&lt;/td&gt;&#34;], &#34;log&#34;: &#34;----------------------------- Captured stdout call -----------------------------\n\nEntered &amp;#x27;macbook&amp;#x27; into the search box.\nVerified heading: &amp;#x27;Search - macbook&amp;#x27;\n----------------------------------------\nFound 3 product(s) in the search results for &amp;#x27;macbook&amp;#x27;.\nVerified product: &amp;#x27;MacBook&amp;#x27;\nProduct &amp;#x27;MacBook&amp;#x27; has a price of $602.00\nVerified product: &amp;#x27;MacBook Air&amp;#x27;\nProduct &amp;#x27;MacBook Air&amp;#x27; has a price of $1,202.00\nVerified product: &amp;#x27;MacBook Pro&amp;#x27;\nProduct &amp;#x27;MacBook Pro&amp;#x27; has a price of $2,000.00\n[&amp;#x27;MacBook&amp;#x27;, &amp;#x27;MacBook Air&amp;#x27;, &amp;#x27;MacBook Pro&amp;#x27;]\n&#34;}], &#34;tests/test_search_functionality.py::test_search_macbook_fail[MacBok]&#34;: [{&#34;extras&#34;: [], &#34;result&#34;: &#34;Passed&#34;, &#34;testId&#34;: &#34;tests/test_search_functionality.py::test_search_macbook_fail[MacBok]&#34;, &#34;duration&#34;: &#34;00:00:12&#34;, &#34;resultsTableRow&#34;: [&#34;&lt;td class=\&#34;col-result\&#34;&gt;Passed&lt;/td&gt;&#34;, &#34;&lt;td class=\&#34;col-testId\&#34;&gt;tests/test_search_functionality.py::test_search_macbook_fail[MacBok]&lt;/td&gt;&#34;, &#34;&lt;td class=\&#34;col-duration\&#34;&gt;00:00:12&lt;/td&gt;&#34;, &#34;&lt;td class=\&#34;col-links\&#34;&gt;&lt;/td&gt;&#34;], &#34;log&#34;: &#34;----------------------------- Captured stdout call -----------------------------\n\nEntered &amp;#x27;MacBok&amp;#x27; into the search box.\nVerified heading: &amp;#x27;Search - MacBok&amp;#x27;\n----------------------------------------\nFound 0 product(s) in the search results for &amp;#x27;MacBok&amp;#x27;.\nVerified &amp;#x27;no product matches&amp;#x27; message: &amp;#x27;There is no product that matches the search criteria.&amp;#x27;\n&#34;}], &#34;tests/test_search_functionality.py::test_search_macbook_fail[macbok]&#34;: [{&#34;extras&#34;: [], &#34;result&#34;: &#34;Passed&#34;, &#34;testId&#34;: &#34;tests/test_search_functionality.py::test_search_macbook_fail[macbok]&#34;, &#34;duration&#34;: &#34;00:00:12&#34;, &#34;resultsTableRow&#34;: [&#34;&lt;td class=\&#34;col-result\&#34;&gt;Passed&lt;/td&gt;&#34;, &#34;&lt;td class=\&#34;col-testId\&#34;&gt;tests/test_search_functionality.py::test_search_macbook_fail[macbok]&lt;/td&gt;&#34;, &#34;&lt;td class=\&#34;col-duration\&#34;&gt;00:00:12&lt;/td&gt;&#34;, &#34;&lt;td class=\&#34;col-links\&#34;&gt;&lt;/td&gt;&#34;], &#34;log&#34;: &#34;----------------------------- Captured stdout call -----------------------------\n\nEntered &amp;#x27;macbok&amp;#x27; into the search box.\nVerified heading: &amp;#x27;Search - macbok&amp;#x27;\n----------------------------------------\nFound 0 product(s) in the search results for &amp;#x27;macbok&amp;#x27;.\nVerified &amp;#x27;no product matches&amp;#x27; message: &amp;#x27;There is no product that matches the search criteria.&amp;#x27;\n&#34;}], &#34;tests/test_search_functionality.py::test_search_macbook_fail[######]&#34;: [{&#34;extras&#34;: [], &#34;result&#34;: &#34;Passed&#34;, &#34;testId&#34;: &#34;tests/test_search_functionality.py::test_search_macbook_fail[######]&#34;, &#34;duration&#34;: &#34;00:00:13&#34;, &#34;resultsTableRow&#34;: [&#34;&lt;td class=\&#34;col-result\&#34;&gt;Passed&lt;/td&gt;&#34;, &#34;&lt;td class=\&#34;col-testId\&#34;&gt;tests/test_search_functionality.py::test_search_macbook_fail[######]&lt;/td&gt;&#34;, &#34;&lt;td class=\&#34;col-duration\&#34;&gt;00:00:13&lt;/td&gt;&#34;, &#34;&lt;td class=\&#34;col-links\&#34;&gt;&lt;/td&gt;&#34;], &#34;log&#34;: &#34;----------------------------- Captured stdout call -----------------------------\n\nEntered &amp;#x27;######&amp;#x27; into the search box.\nVerified heading: &amp;#x27;Search - ######&amp;#x27;\n----------------------------------------\nFound 0 product(s) in the search results for &amp;#x27;######&amp;#x27;.\nVerified &amp;#x27;no product matches&amp;#x27; message: &amp;#x27;There is no product that matches the search criteria.&amp;#x27;\n&#34;}], &#34;tests/test_search_functionality.py::test_search_empty_keyword&#34;: [{&#34;extras&#34;: [], &#34;result&#34;: &#34;Passed&#34;, &#34;testId&#34;: &#34;tests/test_search_functionality.py::test_search_empty_keyword&#34;, &#34;duration&#34;: &#34;00:00:12&#34;, &#34;resultsTableRow&#34;: [&#34;&lt;td class=\&#34;col-result\&#34;&gt;Passed&lt;/td&gt;&#34;, &#34;&lt;td class=\&#34;col-testId\&#34;&gt;tests/test_search_functionality.py::test_search_empty_keyword&lt;/td&gt;&#34;, &#34;&lt;td class=\&#34;col-duration\&#34;&gt;00:00:12&lt;/td&gt;&#34;, &#34;&lt;td class=\&#34;col-links\&#34;&gt;&lt;/td&gt;&#34;], &#34;log&#34;: &#34;----------------------------- Captured stdout call -----------------------------\n\nCleared the search box (empty keyword).\n----------------------------------------\nFound 0 product(s) in the search results for an empty search.\nVerified &amp;#x27;no product matches&amp;#x27; message: &amp;#x27;There is no product that matches the search criteria.&amp;#x27;\n&#34;}], &#34;tests/test_search_functionality.py::test_search_with_percent&#34;: [{&#34;extras&#34;: [], &#34;result&#34;: &#34;Failed&#34;, &#34;testId&#34;: &#34;tests/test_search_functionality.py::test_search_with_percent&#34;, &#34;duration&#34;: &#34;00:00:10&#34;, &#34;resultsTableRow&#34;: [&#34;&lt;td class=\&#34;col-result\&#34;&gt;Failed&lt;/td&gt;&#34;, &#34;&lt;td class=\&#34;col-testId\&#34;&gt;tests/test_search_functionality.py::test_search_with_percent&lt;/td&gt;&#34;, &#34;&lt;td class=\&#34;col-duration\&#34;&gt;00:00:10&lt;/td&gt;&#34;, &#34;&lt;td class=\&#34;col-links\&#34;&gt;&lt;/td&gt;&#34;], &#34;log&#34;: &#34;chrome_driver = &amp;lt;selenium.webdriver.chrome.webdriver.WebDriver (session=&amp;quot;102ddcaf7fe09044d482b5e2d05d449a&amp;quot;)&amp;gt;\n\n    def test_search_with_percent(chrome_driver):\n        # Step 1: Navigate to the homepage\n        navigate_to_homepage(chrome_driver)\n    \n        # Step 2: Find the search input box and enter an intentionally incorrect or special term like &amp;quot;%&amp;quot;\n        search_term = &amp;quot;%&amp;quot;\n    \n        search_box = chrome_driver.find_element(By.NAME, &amp;quot;search&amp;quot;)\n        search_box.send_keys(search_term)\n        time.sleep(1)  # Wait after entering the keyword\n        print(f&amp;quot;\\nEntered &amp;#x27;{search_term}&amp;#x27; into the search box.&amp;quot;)\n    \n        # Step 3: Click the search button\n        search_button = chrome_driver.find_element(By.CSS_SELECTOR, &amp;quot;button.btn.btn-light.btn-lg&amp;quot;)\n        search_button.click()\n        time.sleep(5)  # Wait for the search results page to load\n    \n        chrome_driver.execute_script(&amp;quot;window.scrollTo(0, document.body.scrollHeight);&amp;quot;)\n    \n        # Step 4: Verify the presence of the search result heading with the text &amp;quot;Search - %&amp;quot;\n        search_heading = chrome_driver.find_element(By.TAG_NAME, &amp;quot;h1&amp;quot;).text\n        expected_heading = f&amp;quot;Search - {search_term}&amp;quot;\n        assert search_heading == expected_heading, f&amp;quot;Expected heading &amp;#x27;{expected_heading}&amp;#x27;, but got &amp;#x27;{search_heading}&amp;#x27;&amp;quot;\n        print(f&amp;quot;Verified heading: &amp;#x27;{search_heading}&amp;#x27;&amp;quot;)\n    \n        # Step 5: Try to locate the &amp;quot;no product matches&amp;quot; message first\n        try:\n&amp;gt;           no_results_message = chrome_driver.find_element(By.XPATH, &amp;quot;//p[contains(text(), &amp;#x27;There is no product that matches the search criteria.&amp;#x27;)]&amp;quot;).text\n\ntests/test_search_functionality.py:188: \n_ _ _ _ _ _ _ _ _ _ _ _ _ _ _ _ _ _ _ _ _ _ _ _ _ _ _ _ _ _ _ _ _ _ _ _ _ _ _ _ _ _ _ _ _ _ _ _ _ _ _ _ _ _ _ _ _ _ _ _ _ _ _ _ _ _ _ _ _ _ _ _ _ _ _ _ _ _ _ \n.venv/lib/python3.12/site-packages/selenium/webdriver/remote/webdriver.py:770: in find_element\n    return self.execute(Command.FIND_ELEMENT, {&amp;quot;using&amp;quot;: by, &amp;quot;value&amp;quot;: value})[&amp;quot;value&amp;quot;]\n.venv/lib/python3.12/site-packages/selenium/webdriver/remote/webdriver.py:384: in execute\n    self.error_handler.check_response(response)\n_ _ _ _ _ _ _ _ _ _ _ _ _ _ _ _ _ _ _ _ _ _ _ _ _ _ _ _ _ _ _ _ _ _ _ _ _ _ _ _ _ _ _ _ _ _ _ _ _ _ _ _ _ _ _ _ _ _ _ _ _ _ _ _ _ _ _ _ _ _ _ _ _ _ _ _ _ _ _ \n\nself = &amp;lt;selenium.webdriver.remote.errorhandler.ErrorHandler object at 0x1088c61b0&amp;gt;\nresponse = {&amp;#x27;status&amp;#x27;: 404, &amp;#x27;value&amp;#x27;: &amp;#x27;{&amp;quot;value&amp;quot;:{&amp;quot;error&amp;quot;:&amp;quot;no such element&amp;quot;,&amp;quot;message&amp;quot;:&amp;quot;no such element: Unable to locate element: {\\...00018fbc32e4 _pthread_start + 136\\\\n16  libsystem_pthread.dylib             0x000000018fbbe0fc thread_start + 8\\\\n&amp;quot;}}&amp;#x27;}\n\n    def check_response(self, response: Dict[str, Any]) -&amp;gt; None:\n        &amp;quot;&amp;quot;&amp;quot;Checks that a JSON response from the WebDriver does not have an\n        error.\n    \n        :Args:\n         - response - The JSON response from the WebDriver server as a dictionary\n           object.\n    \n        :Raises: If the response contains an error message.\n        &amp;quot;&amp;quot;&amp;quot;\n        status = response.get(&amp;quot;status&amp;quot;, None)\n        if not status or status == ErrorCode.SUCCESS:\n            return\n        value = None\n        message = response.get(&amp;quot;message&amp;quot;, &amp;quot;&amp;quot;)\n        screen: str = response.get(&amp;quot;screen&amp;quot;, &amp;quot;&amp;quot;)\n        stacktrace = None\n        if isinstance(status, int):\n            value_json = response.get(&amp;quot;value&amp;quot;, None)\n            if value_json and isinstance(value_json, str):\n                import json\n    \n                try:\n                    value = json.loads(value_json)\n                    if len(value) == 1:\n                        value = value[&amp;quot;value&amp;quot;]\n                    status = value.get(&amp;quot;error&amp;quot;, None)\n                    if not status:\n                        status = value.get(&amp;quot;status&amp;quot;, ErrorCode.UNKNOWN_ERROR)\n                        message = value.get(&amp;quot;value&amp;quot;) or value.get(&amp;quot;message&amp;quot;)\n                        if not isinstance(message, str):\n                            value = message\n                            message = message.get(&amp;quot;message&amp;quot;)\n                    else:\n                        message = value.get(&amp;quot;message&amp;quot;, None)\n                except ValueError:\n                    pass\n    \n        exception_class: Type[WebDriverException]\n        e = ErrorCode()\n        error_codes = [item for item in dir(e) if not item.startswith(&amp;quot;__&amp;quot;)]\n        for error_code in error_codes:\n            error_info = getattr(ErrorCode, error_code)\n            if isinstance(error_info, list) and status in error_info:\n                exception_class = getattr(ExceptionMapping, error_code, WebDriverException)\n                break\n        else:\n            exception_class = WebDriverException\n    \n        if not value:\n            value = response[&amp;quot;value&amp;quot;]\n        if isinstance(value, str):\n            raise exception_class(value)\n        if message == &amp;quot;&amp;quot; and &amp;quot;message&amp;quot; in value:\n            message = value[&amp;quot;message&amp;quot;]\n    \n        screen = None  # type: ignore[assignment]\n        if &amp;quot;screen&amp;quot; in value:\n            screen = value[&amp;quot;screen&amp;quot;]\n    \n        stacktrace = None\n        st_value = value.get(&amp;quot;stackTrace&amp;quot;) or value.get(&amp;quot;stacktrace&amp;quot;)\n        if st_value:\n            if isinstance(st_value, str):\n                stacktrace = st_value.split(&amp;quot;\\n&amp;quot;)\n            else:\n                stacktrace = []\n                try:\n                    for frame in st_value:\n                        line = frame.get(&amp;quot;lineNumber&amp;quot;, &amp;quot;&amp;quot;)\n                        file = frame.get(&amp;quot;fileName&amp;quot;, &amp;quot;&amp;lt;anonymous&amp;gt;&amp;quot;)\n                        if line:\n                            file = f&amp;quot;{file}:{line}&amp;quot;\n                        meth = frame.get(&amp;quot;methodName&amp;quot;, &amp;quot;&amp;lt;anonymous&amp;gt;&amp;quot;)\n                        if &amp;quot;className&amp;quot; in frame:\n                            meth = f&amp;quot;{frame[&amp;#x27;className&amp;#x27;]}.{meth}&amp;quot;\n                        msg = &amp;quot;    at %s (%s)&amp;quot;\n                        msg = msg % (meth, file)\n                        stacktrace.append(msg)\n                except TypeError:\n                    pass\n        if exception_class == UnexpectedAlertPresentException:\n            alert_text = None\n            if &amp;quot;data&amp;quot; in value:\n                alert_text = value[&amp;quot;data&amp;quot;].get(&amp;quot;text&amp;quot;)\n            elif &amp;quot;alert&amp;quot; in value:\n                alert_text = value[&amp;quot;alert&amp;quot;].get(&amp;quot;text&amp;quot;)\n            raise exception_class(message, screen, stacktrace, alert_text)  # type: ignore[call-arg]  # mypy is not smart enough here\n&amp;gt;       raise exception_class(message, screen, stacktrace)\nE       selenium.common.exceptions.NoSuchElementException: Message: no such element: Unable to locate element: {&amp;quot;method&amp;quot;:&amp;quot;xpath&amp;quot;,&amp;quot;selector&amp;quot;:&amp;quot;//p[contains(text(), &amp;#x27;There is no product that matches the search criteria.&amp;#x27;)]&amp;quot;}\nE         (Session info: chrome=131.0.6778.109); For documentation on this error, please visit: https://www.selenium.dev/documentation/webdriver/troubleshooting/errors#no-such-element-exception\nE       Stacktrace:\nE       0   chromedriver                        0x0000000104fabb08 cxxbridge1$str$ptr + 3651580\nE       1   chromedriver                        0x0000000104fa4358 cxxbridge1$str$ptr + 3620940\nE       2   chromedriver                        0x0000000104a0c4b4 cxxbridge1$string$len + 89224\nE       3   chromedriver                        0x0000000104a50898 cxxbridge1$string$len + 368748\nE       4   chromedriver                        0x0000000104a8a0fc cxxbridge1$string$len + 604368\nE       5   chromedriver                        0x0000000104a450b0 cxxbridge1$string$len + 321668\nE       6   chromedriver                        0x0000000104a45d00 cxxbridge1$string$len + 324820\nE       7   chromedriver                        0x0000000104f76e4c cxxbridge1$str$ptr + 3435328\nE       8   chromedriver                        0x0000000104f7a164 cxxbridge1$str$ptr + 3448408\nE       9   chromedriver                        0x0000000104f5e1c0 cxxbridge1$str$ptr + 3333812\nE       10  chromedriver                        0x0000000104f7aa24 cxxbridge1$str$ptr + 3450648\nE       11  chromedriver                        0x0000000104f4f9cc cxxbridge1$str$ptr + 3274432\nE       12  chromedriver                        0x0000000104f95138 cxxbridge1$str$ptr + 3558956\nE       13  chromedriver                        0x0000000104f952b4 cxxbridge1$str$ptr + 3559336\nE       14  chromedriver                        0x0000000104fa3fcc cxxbridge1$str$ptr + 3620032\nE       15  libsystem_pthread.dylib             0x000000018fbc32e4 _pthread_start + 136\nE       16  libsystem_pthread.dylib             0x000000018fbbe0fc thread_start + 8\n\n.venv/lib/python3.12/site-packages/selenium/webdriver/remote/errorhandler.py:232: NoSuchElementException\n\nDuring handling of the above exception, another exception occurred:\n\nchrome_driver = &amp;lt;selenium.webdriver.chrome.webdriver.WebDriver (session=&amp;quot;102ddcaf7fe09044d482b5e2d05d449a&amp;quot;)&amp;gt;\n\n    def test_search_with_percent(chrome_driver):\n        # Step 1: Navigate to the homepage\n        navigate_to_homepage(chrome_driver)\n    \n        # Step 2: Find the search input box and enter an intentionally incorrect or special term like &amp;quot;%&amp;quot;\n        search_term = &amp;quot;%&amp;quot;\n    \n        search_box = chrome_driver.find_element(By.NAME, &amp;quot;search&amp;quot;)\n        search_box.send_keys(search_term)\n        time.sleep(1)  # Wait after entering the keyword\n        print(f&amp;quot;\\nEntered &amp;#x27;{search_term}&amp;#x27; into the search box.&amp;quot;)\n    \n        # Step 3: Click the search button\n        search_button = chrome_driver.find_element(By.CSS_SELECTOR, &amp;quot;button.btn.btn-light.btn-lg&amp;quot;)\n        search_button.click()\n        time.sleep(5)  # Wait for the search results page to load\n    \n        chrome_driver.execute_script(&amp;quot;window.scrollTo(0, document.body.scrollHeight);&amp;quot;)\n    \n        # Step 4: Verify the presence of the search result heading with the text &amp;quot;Search - %&amp;quot;\n        search_heading = chrome_driver.find_element(By.TAG_NAME, &amp;quot;h1&amp;quot;).text\n        expected_heading = f&amp;quot;Search - {search_term}&amp;quot;\n        assert search_heading == expected_heading, f&amp;quot;Expected heading &amp;#x27;{expected_heading}&amp;#x27;, but got &amp;#x27;{search_heading}&amp;#x27;&amp;quot;\n        print(f&amp;quot;Verified heading: &amp;#x27;{search_heading}&amp;#x27;&amp;quot;)\n    \n        # Step 5: Try to locate the &amp;quot;no product matches&amp;quot; message first\n        try:\n            no_results_message = chrome_driver.find_element(By.XPATH, &amp;quot;//p[contains(text(), &amp;#x27;There is no product that matches the search criteria.&amp;#x27;)]&amp;quot;).text\n            expected_message = &amp;quot;There is no product that matches the search criteria.&amp;quot;\n            assert no_results_message == expected_message, f&amp;quot;Expected message &amp;#x27;{expected_message}&amp;#x27;, but got &amp;#x27;{no_results_message}&amp;#x27;&amp;quot;\n    \n            print(f&amp;quot;Verified &amp;#x27;no product matches&amp;#x27; message: &amp;#x27;{no_results_message}&amp;#x27;&amp;quot;)\n    \n        except Exception as e:\n            # Check for products in the product list if no results message is not found\n            product_list = chrome_driver.find_element(By.ID, &amp;quot;product-list&amp;quot;)\n            products = product_list.find_elements(By.CLASS_NAME, &amp;quot;product-thumb&amp;quot;)\n    \n            # Fail the test if any products are found\n&amp;gt;           assert len(products) == 0, f&amp;quot;Expected 0 products but found {len(products)} for search term &amp;#x27;{search_term}&amp;#x27;.&amp;quot;\nE           AssertionError: Expected 0 products but found 10 for search term &amp;#x27;%&amp;#x27;.\nE           assert 10 == 0\nE            +  where 10 = len([&amp;lt;selenium.webdriver.remote.webelement.WebElement (session=&amp;quot;102ddcaf7fe09044d482b5e2d05d449a&amp;quot;, element=&amp;quot;f.80E132FD1ED3...7fe09044d482b5e2d05d449a&amp;quot;, element=&amp;quot;f.80E132FD1ED304F0D154D349D379C0D9.d.0D37FA43B4B82690BCB9B2A64ABB9B67.e.56&amp;quot;)&amp;gt;, ...])\n\ntests/test_search_functionality.py:200: AssertionError\n\n----------------------------- Captured stdout call -----------------------------\n\nEntered &amp;#x27;%&amp;#x27; into the search box.\nVerified heading: &amp;#x27;Search - %&amp;#x27;\n&#34;}]}, &#34;renderCollapsed&#34;: [&#34;passed&#34;], &#34;initialSort&#34;: &#34;result&#34;, &#34;title&#34;: &#34;report.html&#34;}"></div>
    <script>
      (function(){function r(e,n,t){function o(i,f){if(!n[i]){if(!e[i]){var c="function"==typeof require&&require;if(!f&&c)return c(i,!0);if(u)return u(i,!0);var a=new Error("Cannot find module '"+i+"'");throw a.code="MODULE_NOT_FOUND",a}var p=n[i]={exports:{}};e[i][0].call(p.exports,function(r){var n=e[i][1][r];return o(n||r)},p,p.exports,r,e,n,t)}return n[i].exports}for(var u="function"==typeof require&&require,i=0;i<t.length;i++)o(t[i]);return o}return r})()({1:[function(require,module,exports){
const { getCollapsedCategory, setCollapsedIds } = require('./storage.js')

class DataManager {
    setManager(data) {
        const collapsedCategories = [...getCollapsedCategory(data.renderCollapsed)]
        const collapsedIds = []
        const tests = Object.values(data.tests).flat().map((test, index) => {
            const collapsed = collapsedCategories.includes(test.result.toLowerCase())
            const id = `test_${index}`
            if (collapsed) {
                collapsedIds.push(id)
            }
            return {
                ...test,
                id,
                collapsed,
            }
        })
        const dataBlob = { ...data, tests }
        this.data = { ...dataBlob }
        this.renderData = { ...dataBlob }
        setCollapsedIds(collapsedIds)
    }

    get allData() {
        return { ...this.data }
    }

    resetRender() {
        this.renderData = { ...this.data }
    }

    setRender(data) {
        this.renderData.tests = [...data]
    }

    toggleCollapsedItem(id) {
        this.renderData.tests = this.renderData.tests.map((test) =>
            test.id === id ? { ...test, collapsed: !test.collapsed } : test,
        )
    }

    set allCollapsed(collapsed) {
        this.renderData = { ...this.renderData, tests: [...this.renderData.tests.map((test) => (
            { ...test, collapsed }
        ))] }
    }

    get testSubset() {
        return [...this.renderData.tests]
    }

    get environment() {
        return this.renderData.environment
    }

    get initialSort() {
        return this.data.initialSort
    }
}

module.exports = {
    manager: new DataManager(),
}

},{"./storage.js":8}],2:[function(require,module,exports){
const mediaViewer = require('./mediaviewer.js')
const templateEnvRow = document.getElementById('template_environment_row')
const templateResult = document.getElementById('template_results-table__tbody')

function htmlToElements(html) {
    const temp = document.createElement('template')
    temp.innerHTML = html
    return temp.content.childNodes
}

const find = (selector, elem) => {
    if (!elem) {
        elem = document
    }
    return elem.querySelector(selector)
}

const findAll = (selector, elem) => {
    if (!elem) {
        elem = document
    }
    return [...elem.querySelectorAll(selector)]
}

const dom = {
    getStaticRow: (key, value) => {
        const envRow = templateEnvRow.content.cloneNode(true)
        const isObj = typeof value === 'object' && value !== null
        const values = isObj ? Object.keys(value).map((k) => `${k}: ${value[k]}`) : null

        const valuesElement = htmlToElements(
            values ? `<ul>${values.map((val) => `<li>${val}</li>`).join('')}<ul>` : `<div>${value}</div>`)[0]
        const td = findAll('td', envRow)
        td[0].textContent = key
        td[1].appendChild(valuesElement)

        return envRow
    },
    getResultTBody: ({ testId, id, log, extras, resultsTableRow, tableHtml, result, collapsed }) => {
        const resultBody = templateResult.content.cloneNode(true)
        resultBody.querySelector('tbody').classList.add(result.toLowerCase())
        resultBody.querySelector('tbody').id = testId
        resultBody.querySelector('.collapsible').dataset.id = id

        resultsTableRow.forEach((html) => {
            const t = document.createElement('template')
            t.innerHTML = html
            resultBody.querySelector('.collapsible').appendChild(t.content)
        })

        if (log) {
            // Wrap lines starting with "E" with span.error to color those lines red
            const wrappedLog = log.replace(/^E.*$/gm, (match) => `<span class="error">${match}</span>`)
            resultBody.querySelector('.log').innerHTML = wrappedLog
        } else {
            resultBody.querySelector('.log').remove()
        }

        if (collapsed) {
            resultBody.querySelector('.collapsible > td')?.classList.add('collapsed')
            resultBody.querySelector('.extras-row').classList.add('hidden')
        } else {
            resultBody.querySelector('.collapsible > td')?.classList.remove('collapsed')
        }

        const media = []
        extras?.forEach(({ name, format_type, content }) => {
            if (['image', 'video'].includes(format_type)) {
                media.push({ path: content, name, format_type })
            }

            if (format_type === 'html') {
                resultBody.querySelector('.extraHTML').insertAdjacentHTML('beforeend', `<div>${content}</div>`)
            }
        })
        mediaViewer.setup(resultBody, media)

        // Add custom html from the pytest_html_results_table_html hook
        tableHtml?.forEach((item) => {
            resultBody.querySelector('td[class="extra"]').insertAdjacentHTML('beforeend', item)
        })

        return resultBody
    },
}

module.exports = {
    dom,
    htmlToElements,
    find,
    findAll,
}

},{"./mediaviewer.js":6}],3:[function(require,module,exports){
const { manager } = require('./datamanager.js')
const { doSort } = require('./sort.js')
const storageModule = require('./storage.js')

const getFilteredSubSet = (filter) =>
    manager.allData.tests.filter(({ result }) => filter.includes(result.toLowerCase()))

const doInitFilter = () => {
    const currentFilter = storageModule.getVisible()
    const filteredSubset = getFilteredSubSet(currentFilter)
    manager.setRender(filteredSubset)
}

const doFilter = (type, show) => {
    if (show) {
        storageModule.showCategory(type)
    } else {
        storageModule.hideCategory(type)
    }

    const currentFilter = storageModule.getVisible()
    const filteredSubset = getFilteredSubSet(currentFilter)
    manager.setRender(filteredSubset)

    const sortColumn = storageModule.getSort()
    doSort(sortColumn, true)
}

module.exports = {
    doFilter,
    doInitFilter,
}

},{"./datamanager.js":1,"./sort.js":7,"./storage.js":8}],4:[function(require,module,exports){
const { redraw, bindEvents, renderStatic } = require('./main.js')
const { doInitFilter } = require('./filter.js')
const { doInitSort } = require('./sort.js')
const { manager } = require('./datamanager.js')
const data = JSON.parse(document.getElementById('data-container').dataset.jsonblob)

function init() {
    manager.setManager(data)
    doInitFilter()
    doInitSort()
    renderStatic()
    redraw()
    bindEvents()
}

init()

},{"./datamanager.js":1,"./filter.js":3,"./main.js":5,"./sort.js":7}],5:[function(require,module,exports){
const { dom, find, findAll } = require('./dom.js')
const { manager } = require('./datamanager.js')
const { doSort } = require('./sort.js')
const { doFilter } = require('./filter.js')
const {
    getVisible,
    getCollapsedIds,
    setCollapsedIds,
    getSort,
    getSortDirection,
    possibleFilters,
} = require('./storage.js')

const removeChildren = (node) => {
    while (node.firstChild) {
        node.removeChild(node.firstChild)
    }
}

const renderStatic = () => {
    const renderEnvironmentTable = () => {
        const environment = manager.environment
        const rows = Object.keys(environment).map((key) => dom.getStaticRow(key, environment[key]))
        const table = document.getElementById('environment')
        removeChildren(table)
        rows.forEach((row) => table.appendChild(row))
    }
    renderEnvironmentTable()
}

const addItemToggleListener = (elem) => {
    elem.addEventListener('click', ({ target }) => {
        const id = target.parentElement.dataset.id
        manager.toggleCollapsedItem(id)

        const collapsedIds = getCollapsedIds()
        if (collapsedIds.includes(id)) {
            const updated = collapsedIds.filter((item) => item !== id)
            setCollapsedIds(updated)
        } else {
            collapsedIds.push(id)
            setCollapsedIds(collapsedIds)
        }
        redraw()
    })
}

const renderContent = (tests) => {
    const sortAttr = getSort(manager.initialSort)
    const sortAsc = JSON.parse(getSortDirection())
    const rows = tests.map(dom.getResultTBody)
    const table = document.getElementById('results-table')
    const tableHeader = document.getElementById('results-table-head')

    const newTable = document.createElement('table')
    newTable.id = 'results-table'

    // remove all sorting classes and set the relevant
    findAll('.sortable', tableHeader).forEach((elem) => elem.classList.remove('asc', 'desc'))
    tableHeader.querySelector(`.sortable[data-column-type="${sortAttr}"]`)?.classList.add(sortAsc ? 'desc' : 'asc')
    newTable.appendChild(tableHeader)

    if (!rows.length) {
        const emptyTable = document.getElementById('template_results-table__body--empty').content.cloneNode(true)
        newTable.appendChild(emptyTable)
    } else {
        rows.forEach((row) => {
            if (!!row) {
                findAll('.collapsible td:not(.col-links', row).forEach(addItemToggleListener)
                find('.logexpander', row).addEventListener('click',
                    (evt) => evt.target.parentNode.classList.toggle('expanded'),
                )
                newTable.appendChild(row)
            }
        })
    }

    table.replaceWith(newTable)
}

const renderDerived = () => {
    const currentFilter = getVisible()
    possibleFilters.forEach((result) => {
        const input = document.querySelector(`input[data-test-result="${result}"]`)
        input.checked = currentFilter.includes(result)
    })
}

const bindEvents = () => {
    const filterColumn = (evt) => {
        const { target: element } = evt
        const { testResult } = element.dataset

        doFilter(testResult, element.checked)
        const collapsedIds = getCollapsedIds()
        const updated = manager.renderData.tests.map((test) => {
            return {
                ...test,
                collapsed: collapsedIds.includes(test.id),
            }
        })
        manager.setRender(updated)
        redraw()
    }

    const header = document.getElementById('environment-header')
    header.addEventListener('click', () => {
        const table = document.getElementById('environment')
        table.classList.toggle('hidden')
        header.classList.toggle('collapsed')
    })

    findAll('input[name="filter_checkbox"]').forEach((elem) => {
        elem.addEventListener('click', filterColumn)
    })

    findAll('.sortable').forEach((elem) => {
        elem.addEventListener('click', (evt) => {
            const { target: element } = evt
            const { columnType } = element.dataset
            doSort(columnType)
            redraw()
        })
    })

    document.getElementById('show_all_details').addEventListener('click', () => {
        manager.allCollapsed = false
        setCollapsedIds([])
        redraw()
    })
    document.getElementById('hide_all_details').addEventListener('click', () => {
        manager.allCollapsed = true
        const allIds = manager.renderData.tests.map((test) => test.id)
        setCollapsedIds(allIds)
        redraw()
    })
}

const redraw = () => {
    const { testSubset } = manager

    renderContent(testSubset)
    renderDerived()
}

module.exports = {
    redraw,
    bindEvents,
    renderStatic,
}

},{"./datamanager.js":1,"./dom.js":2,"./filter.js":3,"./sort.js":7,"./storage.js":8}],6:[function(require,module,exports){
class MediaViewer {
    constructor(assets) {
        this.assets = assets
        this.index = 0
    }

    nextActive() {
        this.index = this.index === this.assets.length - 1 ? 0 : this.index + 1
        return [this.activeFile, this.index]
    }

    prevActive() {
        this.index = this.index === 0 ? this.assets.length - 1 : this.index -1
        return [this.activeFile, this.index]
    }

    get currentIndex() {
        return this.index
    }

    get activeFile() {
        return this.assets[this.index]
    }
}


const setup = (resultBody, assets) => {
    if (!assets.length) {
        resultBody.querySelector('.media').classList.add('hidden')
        return
    }

    const mediaViewer = new MediaViewer(assets)
    const container = resultBody.querySelector('.media-container')
    const leftArrow = resultBody.querySelector('.media-container__nav--left')
    const rightArrow = resultBody.querySelector('.media-container__nav--right')
    const mediaName = resultBody.querySelector('.media__name')
    const counter = resultBody.querySelector('.media__counter')
    const imageEl = resultBody.querySelector('img')
    const sourceEl = resultBody.querySelector('source')
    const videoEl = resultBody.querySelector('video')

    const setImg = (media, index) => {
        if (media?.format_type === 'image') {
            imageEl.src = media.path

            imageEl.classList.remove('hidden')
            videoEl.classList.add('hidden')
        } else if (media?.format_type === 'video') {
            sourceEl.src = media.path

            videoEl.classList.remove('hidden')
            imageEl.classList.add('hidden')
        }

        mediaName.innerText = media?.name
        counter.innerText = `${index + 1} / ${assets.length}`
    }
    setImg(mediaViewer.activeFile, mediaViewer.currentIndex)

    const moveLeft = () => {
        const [media, index] = mediaViewer.prevActive()
        setImg(media, index)
    }
    const doRight = () => {
        const [media, index] = mediaViewer.nextActive()
        setImg(media, index)
    }
    const openImg = () => {
        window.open(mediaViewer.activeFile.path, '_blank')
    }
    if (assets.length === 1) {
        container.classList.add('media-container--fullscreen')
    } else {
        leftArrow.addEventListener('click', moveLeft)
        rightArrow.addEventListener('click', doRight)
    }
    imageEl.addEventListener('click', openImg)
}

module.exports = {
    setup,
}

},{}],7:[function(require,module,exports){
const { manager } = require('./datamanager.js')
const storageModule = require('./storage.js')

const genericSort = (list, key, ascending, customOrder) => {
    let sorted
    if (customOrder) {
        sorted = list.sort((a, b) => {
            const aValue = a.result.toLowerCase()
            const bValue = b.result.toLowerCase()

            const aIndex = customOrder.findIndex((item) => item.toLowerCase() === aValue)
            const bIndex = customOrder.findIndex((item) => item.toLowerCase() === bValue)

            // Compare the indices to determine the sort order
            return aIndex - bIndex
        })
    } else {
        sorted = list.sort((a, b) => a[key] === b[key] ? 0 : a[key] > b[key] ? 1 : -1)
    }

    if (ascending) {
        sorted.reverse()
    }
    return sorted
}

const durationSort = (list, ascending) => {
    const parseDuration = (duration) => {
        if (duration.includes(':')) {
            // If it's in the format "HH:mm:ss"
            const [hours, minutes, seconds] = duration.split(':').map(Number)
            return (hours * 3600 + minutes * 60 + seconds) * 1000
        } else {
            // If it's in the format "nnn ms"
            return parseInt(duration)
        }
    }
    const sorted = list.sort((a, b) => parseDuration(a['duration']) - parseDuration(b['duration']))
    if (ascending) {
        sorted.reverse()
    }
    return sorted
}

const doInitSort = () => {
    const type = storageModule.getSort(manager.initialSort)
    const ascending = storageModule.getSortDirection()
    const list = manager.testSubset
    const initialOrder = ['Error', 'Failed', 'Rerun', 'XFailed', 'XPassed', 'Skipped', 'Passed']

    storageModule.setSort(type)
    storageModule.setSortDirection(ascending)

    if (type?.toLowerCase() === 'original') {
        manager.setRender(list)
    } else {
        let sortedList
        switch (type) {
        case 'duration':
            sortedList = durationSort(list, ascending)
            break
        case 'result':
            sortedList = genericSort(list, type, ascending, initialOrder)
            break
        default:
            sortedList = genericSort(list, type, ascending)
            break
        }
        manager.setRender(sortedList)
    }
}

const doSort = (type, skipDirection) => {
    const newSortType = storageModule.getSort(manager.initialSort) !== type
    const currentAsc = storageModule.getSortDirection()
    let ascending
    if (skipDirection) {
        ascending = currentAsc
    } else {
        ascending = newSortType ? false : !currentAsc
    }
    storageModule.setSort(type)
    storageModule.setSortDirection(ascending)

    const list = manager.testSubset
    const sortedList = type === 'duration' ? durationSort(list, ascending) : genericSort(list, type, ascending)
    manager.setRender(sortedList)
}

module.exports = {
    doInitSort,
    doSort,
}

},{"./datamanager.js":1,"./storage.js":8}],8:[function(require,module,exports){
const possibleFilters = [
    'passed',
    'skipped',
    'failed',
    'error',
    'xfailed',
    'xpassed',
    'rerun',
]

const getVisible = () => {
    const url = new URL(window.location.href)
    const settings = new URLSearchParams(url.search).get('visible')
    const lower = (item) => {
        const lowerItem = item.toLowerCase()
        if (possibleFilters.includes(lowerItem)) {
            return lowerItem
        }
        return null
    }
    return settings === null ?
        possibleFilters :
        [...new Set(settings?.split(',').map(lower).filter((item) => item))]
}

const hideCategory = (categoryToHide) => {
    const url = new URL(window.location.href)
    const visibleParams = new URLSearchParams(url.search).get('visible')
    const currentVisible = visibleParams ? visibleParams.split(',') : [...possibleFilters]
    const settings = [...new Set(currentVisible)].filter((f) => f !== categoryToHide).join(',')

    url.searchParams.set('visible', settings)
    window.history.pushState({}, null, unescape(url.href))
}

const showCategory = (categoryToShow) => {
    if (typeof window === 'undefined') {
        return
    }
    const url = new URL(window.location.href)
    const currentVisible = new URLSearchParams(url.search).get('visible')?.split(',').filter(Boolean) ||
        [...possibleFilters]
    const settings = [...new Set([categoryToShow, ...currentVisible])]
    const noFilter = possibleFilters.length === settings.length || !settings.length

    noFilter ? url.searchParams.delete('visible') : url.searchParams.set('visible', settings.join(','))
    window.history.pushState({}, null, unescape(url.href))
}

const getSort = (initialSort) => {
    const url = new URL(window.location.href)
    let sort = new URLSearchParams(url.search).get('sort')
    if (!sort) {
        sort = initialSort || 'result'
    }
    return sort
}

const setSort = (type) => {
    const url = new URL(window.location.href)
    url.searchParams.set('sort', type)
    window.history.pushState({}, null, unescape(url.href))
}

const getCollapsedCategory = (renderCollapsed) => {
    let categories
    if (typeof window !== 'undefined') {
        const url = new URL(window.location.href)
        const collapsedItems = new URLSearchParams(url.search).get('collapsed')
        switch (true) {
        case !renderCollapsed && collapsedItems === null:
            categories = ['passed']
            break
        case collapsedItems?.length === 0 || /^["']{2}$/.test(collapsedItems):
            categories = []
            break
        case /^all$/.test(collapsedItems) || collapsedItems === null && /^all$/.test(renderCollapsed):
            categories = [...possibleFilters]
            break
        default:
            categories = collapsedItems?.split(',').map((item) => item.toLowerCase()) || renderCollapsed
            break
        }
    } else {
        categories = []
    }
    return categories
}

const getSortDirection = () => JSON.parse(sessionStorage.getItem('sortAsc')) || false
const setSortDirection = (ascending) => sessionStorage.setItem('sortAsc', ascending)

const getCollapsedIds = () => JSON.parse(sessionStorage.getItem('collapsedIds')) || []
const setCollapsedIds = (list) => sessionStorage.setItem('collapsedIds', JSON.stringify(list))

module.exports = {
    getVisible,
    hideCategory,
    showCategory,
    getCollapsedIds,
    setCollapsedIds,
    getSort,
    setSort,
    getSortDirection,
    setSortDirection,
    getCollapsedCategory,
    possibleFilters,
}

},{}]},{},[4]);
    </script>
  </footer>
</html>